#
# There is insufficient memory for the Java Runtime Environment to continue.
# Native memory allocation (mmap) failed to map 303038464 bytes for Failed to commit area from 0x0000000096e00000 to 0x00000000a8f00000 of length 303038464.
# Possible reasons:
#   The system is out of physical RAM or swap space
#   The process is running with CompressedOops enabled, and the Java Heap may be blocking the growth of the native heap
# Possible solutions:
#   Reduce memory load on the system
#   Increase physical memory or swap space
#   Check if swap backing store is full
#   Decrease Java heap size (-Xmx/-Xms)
#   Decrease number of Java threads
#   Decrease Java thread stack sizes (-Xss)
#   Set larger code cache with -XX:ReservedCodeCacheSize=
#   JVM is running with Unscaled Compressed Oops mode in which the Java heap is
#     placed in the first 4GB address space. The Java Heap base address is the
#     maximum limit for the native heap growth. Please use -XX:HeapBaseMinAddress
#     to set the Java Heap base and to place the Java Heap above 4GB virtual address.
# This output file may be truncated or incomplete.
#
#  Out of Memory Error (t:/workspace/open/src/hotspot/os/windows/os_windows.cpp:3221), pid=18152, tid=7756
#
# JRE version: Java(TM) SE Runtime Environment (10.0.2+13) (build 10.0.2+13)
# Java VM: Java HotSpot(TM) 64-Bit Server VM (10.0.2+13, mixed mode, tiered, compressed oops, g1 gc, windows-amd64)
# No core dump will be written. Minidumps are not enabled by default on client versions of Windows
#

---------------  S U M M A R Y ------------

Command Line: -javaagent:C:\Program Files\JetBrains\IntelliJ IDEA Community Edition 2018.2\lib\idea_rt.jar=50466:C:\Program Files\JetBrains\IntelliJ IDEA Community Edition 2018.2\bin -Dfile.encoding=UTF-8 main

Host: Intel(R) Core(TM) i7-5500U CPU @ 2.40GHz, 4 cores, 7G,  Windows 10 , 64 bit Build 17134 (10.0.17134.1)
Time: Thu Oct 18 15:22:31 2018 Hora oficial do Brasil elapsed time: 8 seconds (0d 0h 0m 8s)

---------------  T H R E A D  ---------------

Current thread (0x00000197ffb03800):  JavaThread "main" [_thread_in_vm, id=7756, stack(0x00000030c1300000,0x00000030c1400000)]

Stack: [0x00000030c1300000,0x00000030c1400000]
Native frames: (J=compiled Java code, j=interpreted, Vv=VM code, C=native code)
V  [jvm.dll+0x5a01a9]
V  [jvm.dll+0x6bcf31]
V  [jvm.dll+0x6be126]
V  [jvm.dll+0x6be7b3]
V  [jvm.dll+0x234978]
V  [jvm.dll+0x59dac4]
V  [jvm.dll+0x592825]
V  [jvm.dll+0x2f632b]
V  [jvm.dll+0x2f6295]
V  [jvm.dll+0x2f6172]
V  [jvm.dll+0x2f8366]
V  [jvm.dll+0x344293]
V  [jvm.dll+0x3449a6]
V  [jvm.dll+0x344393]
V  [jvm.dll+0x2c4e09]
V  [jvm.dll+0x2c1514]
V  [jvm.dll+0x2c612e]
V  [jvm.dll+0xc698f]
V  [jvm.dll+0x69be13]
V  [jvm.dll+0x5ff7ab]
C  0x000001978b32d729

Java frames: (J=compiled Java code, j=interpreted, Vv=VM code)
v  ~RuntimeStub::_new_array_nozero_Java
J 982 c2 java.io.StringWriter.write(Ljava/lang/String;)V java.base@10.0.2 (10 bytes) @ 0x0000019792deba0c [0x0000019792deb460+0x00000000000005ac]
J 979 c2 com.google.gson.Gson$3.write(Lcom/google/gson/stream/JsonWriter;Ljava/lang/Object;)V (10 bytes) @ 0x0000019792dfa4b8 [0x0000019792dfa020+0x0000000000000498]
J 1084 c2 com.google.gson.internal.bind.TypeAdapterRuntimeTypeWrapper.write(Lcom/google/gson/stream/JsonWriter;Ljava/lang/Object;)V (81 bytes) @ 0x0000019792e11ed8 [0x0000019792e11e20+0x00000000000000b8]
J 1031 c2 com.google.gson.internal.bind.CollectionTypeAdapterFactory$Adapter.write(Lcom/google/gson/stream/JsonWriter;Ljava/util/Collection;)V (58 bytes) @ 0x0000019792df71d4 [0x0000019792df7040+0x0000000000000194]
J 1049 c2 com.google.gson.internal.bind.CollectionTypeAdapterFactory$Adapter.write(Lcom/google/gson/stream/JsonWriter;Ljava/lang/Object;)V (10 bytes) @ 0x0000019792e06f80 [0x0000019792e06f40+0x0000000000000040]
J 1084 c2 com.google.gson.internal.bind.TypeAdapterRuntimeTypeWrapper.write(Lcom/google/gson/stream/JsonWriter;Ljava/lang/Object;)V (81 bytes) @ 0x0000019792e11f2c [0x0000019792e11e20+0x000000000000010c]
J 1071 c2 com.google.gson.internal.bind.MapTypeAdapterFactory$Adapter.write(Lcom/google/gson/stream/JsonWriter;Ljava/util/Map;)V (386 bytes) @ 0x0000019792e09f08 [0x0000019792e09c00+0x0000000000000308]
J 1086 c2 com.google.gson.internal.bind.MapTypeAdapterFactory$Adapter.write(Lcom/google/gson/stream/JsonWriter;Ljava/lang/Object;)V (10 bytes) @ 0x0000019792e13100 [0x0000019792e130c0+0x0000000000000040]
J 1084 c2 com.google.gson.internal.bind.TypeAdapterRuntimeTypeWrapper.write(Lcom/google/gson/stream/JsonWriter;Ljava/lang/Object;)V (81 bytes) @ 0x0000019792e11f2c [0x0000019792e11e20+0x000000000000010c]
J 1080 c2 com.google.gson.internal.bind.ReflectiveTypeAdapterFactory$Adapter.write(Lcom/google/gson/stream/JsonWriter;Ljava/lang/Object;)V (96 bytes) @ 0x0000019792e0fa78 [0x0000019792e0f900+0x0000000000000178]
J 1087 c2 com.google.gson.internal.bind.ObjectTypeAdapter.write(Lcom/google/gson/stream/JsonWriter;Ljava/lang/Object;)V (47 bytes) @ 0x0000019792e137cc [0x0000019792e13480+0x000000000000034c]
J 1084 c2 com.google.gson.internal.bind.TypeAdapterRuntimeTypeWrapper.write(Lcom/google/gson/stream/JsonWriter;Ljava/lang/Object;)V (81 bytes) @ 0x0000019792e11f2c [0x0000019792e11e20+0x000000000000010c]
J 1031 c2 com.google.gson.internal.bind.CollectionTypeAdapterFactory$Adapter.write(Lcom/google/gson/stream/JsonWriter;Ljava/util/Collection;)V (58 bytes) @ 0x0000019792df71d4 [0x0000019792df7040+0x0000000000000194]
J 1049 c2 com.google.gson.internal.bind.CollectionTypeAdapterFactory$Adapter.write(Lcom/google/gson/stream/JsonWriter;Ljava/lang/Object;)V (10 bytes) @ 0x0000019792e06f80 [0x0000019792e06f40+0x0000000000000040]
J 1084 c2 com.google.gson.internal.bind.TypeAdapterRuntimeTypeWrapper.write(Lcom/google/gson/stream/JsonWriter;Ljava/lang/Object;)V (81 bytes) @ 0x0000019792e11f2c [0x0000019792e11e20+0x000000000000010c]
j  com.google.gson.internal.bind.CollectionTypeAdapterFactory$Adapter.write(Lcom/google/gson/stream/JsonWriter;Ljava/util/Collection;)V+46
j  com.google.gson.internal.bind.CollectionTypeAdapterFactory$Adapter.write(Lcom/google/gson/stream/JsonWriter;Ljava/lang/Object;)V+6
j  com.google.gson.Gson.toJson(Ljava/lang/Object;Ljava/lang/reflect/Type;Lcom/google/gson/stream/JsonWriter;)V+53
j  com.google.gson.Gson.toJson(Ljava/lang/Object;Ljava/lang/reflect/Type;Ljava/lang/Appendable;)V+15
j  com.google.gson.Gson.toJson(Ljava/lang/Object;Ljava/lang/reflect/Type;)Ljava/lang/String;+12
j  com.google.gson.Gson.toJson(Ljava/lang/Object;)Ljava/lang/String;+18
j  main.main([Ljava/lang/String;)V+528
v  ~StubRoutines::call_stub

---------------  P R O C E S S  ---------------

Threads class SMR info:
_java_thread_list=0x00000197a26c5fc0, length=12, elements={
0x00000197ffb03800, 0x00000197a1af9800, 0x00000197a1afb000, 0x00000197a2493000,
0x00000197a1b16000, 0x00000197a1b16800, 0x00000197a1b19800, 0x00000197a1b2e000,
0x00000197a24f8000, 0x00000197a27ac000, 0x00000197a281a000, 0x00000197a281b000
}

Java Threads: ( => current thread )
=>0x00000197ffb03800 JavaThread "main" [_thread_in_vm, id=7756, stack(0x00000030c1300000,0x00000030c1400000)]
  0x00000197a1af9800 JavaThread "Reference Handler" daemon [_thread_blocked, id=14488, stack(0x00000030c2000000,0x00000030c2100000)]
  0x00000197a1afb000 JavaThread "Finalizer" daemon [_thread_blocked, id=6976, stack(0x00000030c2100000,0x00000030c2200000)]
  0x00000197a2493000 JavaThread "Signal Dispatcher" daemon [_thread_blocked, id=6456, stack(0x00000030c2200000,0x00000030c2300000)]
  0x00000197a1b16000 JavaThread "Attach Listener" daemon [_thread_blocked, id=15408, stack(0x00000030c2300000,0x00000030c2400000)]
  0x00000197a1b16800 JavaThread "C2 CompilerThread0" daemon [_thread_blocked, id=13616, stack(0x00000030c2400000,0x00000030c2500000)]
  0x00000197a1b19800 JavaThread "C2 CompilerThread1" daemon [_thread_blocked, id=17864, stack(0x00000030c2500000,0x00000030c2600000)]
  0x00000197a1b2e000 JavaThread "C1 CompilerThread2" daemon [_thread_blocked, id=10428, stack(0x00000030c2600000,0x00000030c2700000)]
  0x00000197a24f8000 JavaThread "Sweeper thread" daemon [_thread_blocked, id=17160, stack(0x00000030c2700000,0x00000030c2800000)]
  0x00000197a27ac000 JavaThread "Common-Cleaner" daemon [_thread_blocked, id=16880, stack(0x00000030c2800000,0x00000030c2900000)]
  0x00000197a281a000 JavaThread "Monitor Ctrl-Break" daemon [_thread_in_native, id=524, stack(0x00000030c2900000,0x00000030c2a00000)]
  0x00000197a281b000 JavaThread "Service Thread" daemon [_thread_blocked, id=6240, stack(0x00000030c2a00000,0x00000030c2b00000)]

Other Threads:
  0x00000197a1af7000 VMThread "VM Thread" [stack: 0x00000030c1f00000,0x00000030c2000000] [id=12776]
  0x00000197a281f800 WatcherThread [stack: 0x00000030c2b00000,0x00000030c2c00000] [id=14852]
  0x00000197ffb1a000 GCTaskThread "GC Thread#0" [stack: 0x00000030c1400000,0x00000030c1500000] [id=15116]
  0x00000197ffb1b800 GCTaskThread "GC Thread#1" [stack: 0x00000030c1500000,0x00000030c1600000] [id=8792]
  0x00000197ffb20000 GCTaskThread "GC Thread#2" [stack: 0x00000030c1600000,0x00000030c1700000] [id=1428]
  0x00000197ffb22000 GCTaskThread "GC Thread#3" [stack: 0x00000030c1700000,0x00000030c1800000] [id=15792]
  0x00000197ffb9d800 ConcurrentGCThread "G1 Main Marker" [stack: 0x00000030c1800000,0x00000030c1900000] [id=3868]
  0x00000197ffb9e800 ConcurrentGCThread "G1 Conc#0" [stack: 0x00000030c1900000,0x00000030c1a00000] [id=16776]
  0x00000197a196f800 ConcurrentGCThread "G1 Refine#0" [stack: 0x00000030c1a00000,0x00000030c1b00000] [id=17908]
  0x00000197a1970000 ConcurrentGCThread "G1 Refine#1" [stack: 0x00000030c1b00000,0x00000030c1c00000] [id=4736]
  0x00000197a1971000 ConcurrentGCThread "G1 Refine#2" [stack: 0x00000030c1c00000,0x00000030c1d00000] [id=6836]
  0x00000197a1984800 ConcurrentGCThread "G1 Refine#3" [stack: 0x00000030c1d00000,0x00000030c1e00000] [id=7596]
  0x00000197a1985800 ConcurrentGCThread "G1 Young RemSet Sampling" [stack: 0x00000030c1e00000,0x00000030c1f00000] [id=7680]

Threads with active compile tasks:

VM state:not at safepoint (normal execution)

VM Mutex/Monitor currently owned by a thread:  ([mutex/lock_event])
[0x00000197ffb01d00] Heap_lock - owner thread: 0x00000197ffb03800

Heap address: 0x0000000081400000, size: 2028 MB, Compressed Oops mode: 32-bit
Narrow klass base: 0x0000000000000000, Narrow klass shift: 3
Compressed class space size: 1073741824 Address: 0x0000000100000000

Heap:
 garbage-first heap   total 650240K, used 153475K [0x0000000081400000, 0x0000000100000000)
  region size 1024K, 2 young (2048K), 2 survivors (2048K)
 Metaspace       used 10389K, capacity 10556K, committed 10752K, reserved 1058816K
  class space    used 901K, capacity 938K, committed 1024K, reserved 1048576K
Heap Regions: E=young(eden), S=young(survivor), O=old, HS=humongous(starts), HC=humongous(continues), CS=collection set, F=free, A=archive, TS=gc time stamp, AC=allocation context, TAMS=top-at-mark-start (previous, next)
|   0|0x0000000081400000, 0x0000000081500000, 0x0000000081500000|100%| O|  |TS  0|AC  0|TAMS 0x0000000081500000, 0x0000000081500000|
|   1|0x0000000081500000, 0x0000000081600000, 0x0000000081600000|100%| O|  |TS  0|AC  0|TAMS 0x0000000081600000, 0x0000000081600000|
|   2|0x0000000081600000, 0x0000000081600000, 0x0000000081700000|  0%| F|  |TS  0|AC  0|TAMS 0x0000000081600000, 0x0000000081600000|
|   3|0x0000000081700000, 0x0000000081700000, 0x0000000081800000|  0%| F|  |TS  0|AC  0|TAMS 0x0000000081700000, 0x0000000081700000|
|   4|0x0000000081800000, 0x0000000081800000, 0x0000000081900000|  0%| F|  |TS  0|AC  0|TAMS 0x0000000081800000, 0x0000000081800000|
|   5|0x0000000081900000, 0x0000000081a00000, 0x0000000081a00000|100%| O|  |TS  0|AC  0|TAMS 0x0000000081a00000, 0x0000000081a00000|
|   6|0x0000000081a00000, 0x0000000081a4f200, 0x0000000081b00000| 30%| O|  |TS  4|AC  0|TAMS 0x0000000081a4f200, 0x0000000081a4f200|
|   7|0x0000000081b00000, 0x0000000081b00000, 0x0000000081c00000|  0%| F|  |TS  0|AC  0|TAMS 0x0000000081b00000, 0x0000000081b00000|
|   8|0x0000000081c00000, 0x0000000081c00000, 0x0000000081d00000|  0%| F|  |TS  0|AC  0|TAMS 0x0000000081c00000, 0x0000000081c00000|
|   9|0x0000000081d00000, 0x0000000081d00000, 0x0000000081e00000|  0%| F|  |TS  0|AC  0|TAMS 0x0000000081d00000, 0x0000000081d00000|
|  10|0x0000000081e00000, 0x0000000081e00000, 0x0000000081f00000|  0%| F|  |TS  0|AC  0|TAMS 0x0000000081e00000, 0x0000000081e00000|
|  11|0x0000000081f00000, 0x0000000081f00000, 0x0000000082000000|  0%| F|  |TS  0|AC  0|TAMS 0x0000000081f00000, 0x0000000081f00000|
|  12|0x0000000082000000, 0x0000000082000000, 0x0000000082100000|  0%| F|  |TS  0|AC  0|TAMS 0x0000000082000000, 0x0000000082000000|
|  13|0x0000000082100000, 0x0000000082100000, 0x0000000082200000|  0%| F|  |TS  0|AC  0|TAMS 0x0000000082100000, 0x0000000082100000|
|  14|0x0000000082200000, 0x0000000082200000, 0x0000000082300000|  0%| F|  |TS  0|AC  0|TAMS 0x0000000082200000, 0x0000000082200000|
|  15|0x0000000082300000, 0x0000000082300000, 0x0000000082400000|  0%| F|  |TS  0|AC  0|TAMS 0x0000000082300000, 0x0000000082300000|
|  16|0x0000000082400000, 0x0000000082400000, 0x0000000082500000|  0%| F|  |TS  0|AC  0|TAMS 0x0000000082400000, 0x0000000082400000|
|  17|0x0000000082500000, 0x0000000082500000, 0x0000000082600000|  0%| F|  |TS  0|AC  0|TAMS 0x0000000082500000, 0x0000000082500000|
|  18|0x0000000082600000, 0x0000000082600000, 0x0000000082700000|  0%| F|  |TS  0|AC  0|TAMS 0x0000000082600000, 0x0000000082600000|
|  19|0x0000000082700000, 0x0000000082700000, 0x0000000082800000|  0%| F|  |TS  0|AC  0|TAMS 0x0000000082700000, 0x0000000082700000|
|  20|0x0000000082800000, 0x0000000082800000, 0x0000000082900000|  0%| F|  |TS  0|AC  0|TAMS 0x0000000082800000, 0x0000000082800000|
|  21|0x0000000082900000, 0x0000000082900000, 0x0000000082a00000|  0%| F|  |TS  0|AC  0|TAMS 0x0000000082900000, 0x0000000082900000|
|  22|0x0000000082a00000, 0x0000000082a00000, 0x0000000082b00000|  0%| F|  |TS  0|AC  0|TAMS 0x0000000082a00000, 0x0000000082a00000|
|  23|0x0000000082b00000, 0x0000000082b00000, 0x0000000082c00000|  0%| F|  |TS  0|AC  0|TAMS 0x0000000082b00000, 0x0000000082b00000|
|  24|0x0000000082c00000, 0x0000000082c00000, 0x0000000082d00000|  0%| F|  |TS  0|AC  0|TAMS 0x0000000082c00000, 0x0000000082c00000|
|  25|0x0000000082d00000, 0x0000000082d00000, 0x0000000082e00000|  0%| F|  |TS  0|AC  0|TAMS 0x0000000082d00000, 0x0000000082d00000|
|  26|0x0000000082e00000, 0x0000000082e00000, 0x0000000082f00000|  0%| F|  |TS  0|AC  0|TAMS 0x0000000082e00000, 0x0000000082e00000|
|  27|0x0000000082f00000, 0x0000000082f00000, 0x0000000083000000|  0%| F|  |TS  0|AC  0|TAMS 0x0000000082f00000, 0x0000000082f00000|
|  28|0x0000000083000000, 0x0000000083000000, 0x0000000083100000|  0%| F|  |TS  0|AC  0|TAMS 0x0000000083000000, 0x0000000083000000|
|  29|0x0000000083100000, 0x0000000083100000, 0x0000000083200000|  0%| F|  |TS  0|AC  0|TAMS 0x0000000083100000, 0x0000000083100000|
|  30|0x0000000083200000, 0x0000000083200000, 0x0000000083300000|  0%| F|  |TS  0|AC  0|TAMS 0x0000000083200000, 0x0000000083200000|
|  31|0x0000000083300000, 0x0000000083300000, 0x0000000083400000|  0%| F|  |TS  0|AC  0|TAMS 0x0000000083300000, 0x0000000083300000|
|  32|0x0000000083400000, 0x0000000083400000, 0x0000000083500000|  0%| F|  |TS  0|AC  0|TAMS 0x0000000083400000, 0x0000000083400000|
|  33|0x0000000083500000, 0x0000000083500000, 0x0000000083600000|  0%| F|  |TS  0|AC  0|TAMS 0x0000000083500000, 0x0000000083500000|
|  34|0x0000000083600000, 0x0000000083600000, 0x0000000083700000|  0%| F|  |TS  0|AC  0|TAMS 0x0000000083600000, 0x0000000083600000|
|  35|0x0000000083700000, 0x0000000083700000, 0x0000000083800000|  0%| F|  |TS  0|AC  0|TAMS 0x0000000083700000, 0x0000000083700000|
|  36|0x0000000083800000, 0x0000000083800000, 0x0000000083900000|  0%| F|  |TS  0|AC  0|TAMS 0x0000000083800000, 0x0000000083800000|
|  37|0x0000000083900000, 0x0000000083900000, 0x0000000083a00000|  0%| F|  |TS  0|AC  0|TAMS 0x0000000083900000, 0x0000000083900000|
|  38|0x0000000083a00000, 0x0000000083a00000, 0x0000000083b00000|  0%| F|  |TS  0|AC  0|TAMS 0x0000000083a00000, 0x0000000083a00000|
|  39|0x0000000083b00000, 0x0000000083b00000, 0x0000000083c00000|  0%| F|  |TS  0|AC  0|TAMS 0x0000000083b00000, 0x0000000083b00000|
|  40|0x0000000083c00000, 0x0000000083c00000, 0x0000000083d00000|  0%| F|  |TS  0|AC  0|TAMS 0x0000000083c00000, 0x0000000083c00000|
|  41|0x0000000083d00000, 0x0000000083d00000, 0x0000000083e00000|  0%| F|  |TS  0|AC  0|TAMS 0x0000000083d00000, 0x0000000083d00000|
|  42|0x0000000083e00000, 0x0000000083e00000, 0x0000000083f00000|  0%| F|  |TS  0|AC  0|TAMS 0x0000000083e00000, 0x0000000083e00000|
|  43|0x0000000083f00000, 0x0000000083f00000, 0x0000000084000000|  0%| F|  |TS  0|AC  0|TAMS 0x0000000083f00000, 0x0000000083f00000|
|  44|0x0000000084000000, 0x0000000084000000, 0x0000000084100000|  0%| F|  |TS  0|AC  0|TAMS 0x0000000084000000, 0x0000000084000000|
|  45|0x0000000084100000, 0x0000000084100000, 0x0000000084200000|  0%| F|  |TS  0|AC  0|TAMS 0x0000000084100000, 0x0000000084100000|
|  46|0x0000000084200000, 0x0000000084200000, 0x0000000084300000|  0%| F|  |TS  0|AC  0|TAMS 0x0000000084200000, 0x0000000084200000|
|  47|0x0000000084300000, 0x0000000084300000, 0x0000000084400000|  0%| F|  |TS  0|AC  0|TAMS 0x0000000084300000, 0x0000000084300000|
|  48|0x0000000084400000, 0x0000000084400000, 0x0000000084500000|  0%| F|  |TS  0|AC  0|TAMS 0x0000000084400000, 0x0000000084400000|
|  49|0x0000000084500000, 0x0000000084500000, 0x0000000084600000|  0%| F|  |TS  2|AC  0|TAMS 0x0000000084500000, 0x0000000084500000|
|  50|0x0000000084600000, 0x0000000084600000, 0x0000000084700000|  0%| F|  |TS  2|AC  0|TAMS 0x0000000084600000, 0x0000000084600000|
|  51|0x0000000084700000, 0x0000000084700000, 0x0000000084800000|  0%| F|  |TS  1|AC  0|TAMS 0x0000000084700000, 0x0000000084700000|
|  52|0x0000000084800000, 0x0000000084800000, 0x0000000084900000|  0%| F|  |TS  1|AC  0|TAMS 0x0000000084800000, 0x0000000084800000|
|  53|0x0000000084900000, 0x0000000084900000, 0x0000000084a00000|  0%| F|  |TS  1|AC  0|TAMS 0x0000000084900000, 0x0000000084900000|
|  54|0x0000000084a00000, 0x0000000084a00000, 0x0000000084b00000|  0%| F|  |TS  1|AC  0|TAMS 0x0000000084a00000, 0x0000000084a00000|
|  55|0x0000000084b00000, 0x0000000084b00000, 0x0000000084c00000|  0%| F|  |TS  1|AC  0|TAMS 0x0000000084b00000, 0x0000000084b00000|
|  56|0x0000000084c00000, 0x0000000084c00000, 0x0000000084d00000|  0%| F|  |TS  1|AC  0|TAMS 0x0000000084c00000, 0x0000000084c00000|
|  57|0x0000000084d00000, 0x0000000084d00000, 0x0000000084e00000|  0%| F|  |TS  1|AC  0|TAMS 0x0000000084d00000, 0x0000000084d00000|
|  58|0x0000000084e00000, 0x0000000084e00000, 0x0000000084f00000|  0%| F|  |TS  1|AC  0|TAMS 0x0000000084e00000, 0x0000000084e00000|
|  59|0x0000000084f00000, 0x0000000084f00000, 0x0000000085000000|  0%| F|  |TS  1|AC  0|TAMS 0x0000000084f00000, 0x0000000084f00000|
|  60|0x0000000085000000, 0x0000000085000000, 0x0000000085100000|  0%| F|  |TS  1|AC  0|TAMS 0x0000000085000000, 0x0000000085000000|
|  61|0x0000000085100000, 0x0000000085100000, 0x0000000085200000|  0%| F|  |TS  1|AC  0|TAMS 0x0000000085100000, 0x0000000085100000|
|  62|0x0000000085200000, 0x0000000085200000, 0x0000000085300000|  0%| F|  |TS  1|AC  0|TAMS 0x0000000085200000, 0x0000000085200000|
|  63|0x0000000085300000, 0x0000000085300000, 0x0000000085400000|  0%| F|  |TS  1|AC  0|TAMS 0x0000000085300000, 0x0000000085300000|
|  64|0x0000000085400000, 0x0000000085400000, 0x0000000085500000|  0%| F|  |TS  1|AC  0|TAMS 0x0000000085400000, 0x0000000085400000|
|  65|0x0000000085500000, 0x0000000085500000, 0x0000000085600000|  0%| F|  |TS  1|AC  0|TAMS 0x0000000085500000, 0x0000000085500000|
|  66|0x0000000085600000, 0x0000000085600000, 0x0000000085700000|  0%| F|  |TS  1|AC  0|TAMS 0x0000000085600000, 0x0000000085600000|
|  67|0x0000000085700000, 0x0000000085700000, 0x0000000085800000|  0%| F|  |TS  1|AC  0|TAMS 0x0000000085700000, 0x0000000085700000|
|  68|0x0000000085800000, 0x0000000085800000, 0x0000000085900000|  0%| F|  |TS  1|AC  0|TAMS 0x0000000085800000, 0x0000000085800000|
|  69|0x0000000085900000, 0x0000000085900000, 0x0000000085a00000|  0%| F|  |TS  1|AC  0|TAMS 0x0000000085900000, 0x0000000085900000|
|  70|0x0000000085a00000, 0x0000000085a00000, 0x0000000085b00000|  0%| F|  |TS  1|AC  0|TAMS 0x0000000085a00000, 0x0000000085a00000|
|  71|0x0000000085b00000, 0x0000000085b00000, 0x0000000085c00000|  0%| F|  |TS  1|AC  0|TAMS 0x0000000085b00000, 0x0000000085b00000|
|  72|0x0000000085c00000, 0x0000000085c00000, 0x0000000085d00000|  0%| F|  |TS  1|AC  0|TAMS 0x0000000085c00000, 0x0000000085c00000|
|  73|0x0000000085d00000, 0x0000000085d00000, 0x0000000085e00000|  0%| F|  |TS  1|AC  0|TAMS 0x0000000085d00000, 0x0000000085d00000|
|  74|0x0000000085e00000, 0x0000000085e00000, 0x0000000085f00000|  0%| F|  |TS  1|AC  0|TAMS 0x0000000085e00000, 0x0000000085e00000|
|  75|0x0000000085f00000, 0x0000000085f00000, 0x0000000086000000|  0%| F|  |TS  1|AC  0|TAMS 0x0000000085f00000, 0x0000000085f00000|
|  76|0x0000000086000000, 0x0000000086000000, 0x0000000086100000|  0%| F|  |TS  1|AC  0|TAMS 0x0000000086000000, 0x0000000086000000|
|  77|0x0000000086100000, 0x0000000086100000, 0x0000000086200000|  0%| F|  |TS  1|AC  0|TAMS 0x0000000086100000, 0x0000000086100000|
|  78|0x0000000086200000, 0x0000000086200000, 0x0000000086300000|  0%| F|  |TS  1|AC  0|TAMS 0x0000000086200000, 0x0000000086200000|
|  79|0x0000000086300000, 0x0000000086300000, 0x0000000086400000|  0%| F|  |TS  1|AC  0|TAMS 0x0000000086300000, 0x0000000086300000|
|  80|0x0000000086400000, 0x0000000086400000, 0x0000000086500000|  0%| F|  |TS  4|AC  0|TAMS 0x0000000086400000, 0x0000000086400000|
|  81|0x0000000086500000, 0x0000000086500000, 0x0000000086600000|  0%| F|  |TS  4|AC  0|TAMS 0x0000000086500000, 0x0000000086500000|
|  82|0x0000000086600000, 0x0000000086600000, 0x0000000086700000|  0%| F|  |TS  3|AC  0|TAMS 0x0000000086600000, 0x0000000086600000|
|  83|0x0000000086700000, 0x0000000086700000, 0x0000000086800000|  0%| F|  |TS  3|AC  0|TAMS 0x0000000086700000, 0x0000000086700000|
|  84|0x0000000086800000, 0x0000000086800000, 0x0000000086900000|  0%| F|  |TS  3|AC  0|TAMS 0x0000000086800000, 0x0000000086800000|
|  85|0x0000000086900000, 0x0000000086900000, 0x0000000086a00000|  0%| F|  |TS  3|AC  0|TAMS 0x0000000086900000, 0x0000000086900000|
|  86|0x0000000086a00000, 0x0000000086a00000, 0x0000000086b00000|  0%| F|  |TS  3|AC  0|TAMS 0x0000000086a00000, 0x0000000086a00000|
|  87|0x0000000086b00000, 0x0000000086b00000, 0x0000000086c00000|  0%| F|  |TS  3|AC  0|TAMS 0x0000000086b00000, 0x0000000086b00000|
|  88|0x0000000086c00000, 0x0000000086c00000, 0x0000000086d00000|  0%| F|  |TS  3|AC  0|TAMS 0x0000000086c00000, 0x0000000086c00000|
|  89|0x0000000086d00000, 0x0000000086d00000, 0x0000000086e00000|  0%| F|  |TS  3|AC  0|TAMS 0x0000000086d00000, 0x0000000086d00000|
|  90|0x0000000086e00000, 0x0000000086e00000, 0x0000000086f00000|  0%| F|  |TS  3|AC  0|TAMS 0x0000000086e00000, 0x0000000086e00000|
|  91|0x0000000086f00000, 0x0000000086f00000, 0x0000000087000000|  0%| F|  |TS  3|AC  0|TAMS 0x0000000086f00000, 0x0000000086f00000|
|  92|0x0000000087000000, 0x0000000087000000, 0x0000000087100000|  0%| F|  |TS  3|AC  0|TAMS 0x0000000087000000, 0x0000000087000000|
|  93|0x0000000087100000, 0x0000000087100000, 0x0000000087200000|  0%| F|  |TS  3|AC  0|TAMS 0x0000000087100000, 0x0000000087100000|
|  94|0x0000000087200000, 0x0000000087200000, 0x0000000087300000|  0%| F|  |TS  3|AC  0|TAMS 0x0000000087200000, 0x0000000087200000|
|  95|0x0000000087300000, 0x0000000087300000, 0x0000000087400000|  0%| F|  |TS  3|AC  0|TAMS 0x0000000087300000, 0x0000000087300000|
|  96|0x0000000087400000, 0x0000000087400000, 0x0000000087500000|  0%| F|  |TS  3|AC  0|TAMS 0x0000000087400000, 0x0000000087400000|
|  97|0x0000000087500000, 0x0000000087500000, 0x0000000087600000|  0%| F|  |TS  3|AC  0|TAMS 0x0000000087500000, 0x0000000087500000|
|  98|0x0000000087600000, 0x0000000087600000, 0x0000000087700000|  0%| F|  |TS  3|AC  0|TAMS 0x0000000087600000, 0x0000000087600000|
|  99|0x0000000087700000, 0x0000000087700000, 0x0000000087800000|  0%| F|  |TS  3|AC  0|TAMS 0x0000000087700000, 0x0000000087700000|
| 100|0x0000000087800000, 0x0000000087800000, 0x0000000087900000|  0%| F|  |TS  3|AC  0|TAMS 0x0000000087800000, 0x0000000087800000|
| 101|0x0000000087900000, 0x0000000087900000, 0x0000000087a00000|  0%| F|  |TS  3|AC  0|TAMS 0x0000000087900000, 0x0000000087900000|
| 102|0x0000000087a00000, 0x0000000087a00000, 0x0000000087b00000|  0%| F|  |TS  3|AC  0|TAMS 0x0000000087a00000, 0x0000000087a00000|
| 103|0x0000000087b00000, 0x0000000087b00000, 0x0000000087c00000|  0%| F|  |TS  3|AC  0|TAMS 0x0000000087b00000, 0x0000000087b00000|
| 104|0x0000000087c00000, 0x0000000087c00000, 0x0000000087d00000|  0%| F|  |TS  3|AC  0|TAMS 0x0000000087c00000, 0x0000000087c00000|
| 105|0x0000000087d00000, 0x0000000087d00000, 0x0000000087e00000|  0%| F|  |TS  3|AC  0|TAMS 0x0000000087d00000, 0x0000000087d00000|
| 106|0x0000000087e00000, 0x0000000087e00000, 0x0000000087f00000|  0%| F|  |TS  3|AC  0|TAMS 0x0000000087e00000, 0x0000000087e00000|
| 107|0x0000000087f00000, 0x0000000087f00000, 0x0000000088000000|  0%| F|  |TS  3|AC  0|TAMS 0x0000000087f00000, 0x0000000087f00000|
| 108|0x0000000088000000, 0x0000000088000000, 0x0000000088100000|  0%| F|  |TS  3|AC  0|TAMS 0x0000000088000000, 0x0000000088000000|
| 109|0x0000000088100000, 0x0000000088100000, 0x0000000088200000|  0%| F|  |TS  3|AC  0|TAMS 0x0000000088100000, 0x0000000088100000|
| 110|0x0000000088200000, 0x0000000088200000, 0x0000000088300000|  0%| F|  |TS  3|AC  0|TAMS 0x0000000088200000, 0x0000000088200000|
| 111|0x0000000088300000, 0x0000000088300000, 0x0000000088400000|  0%| F|  |TS  3|AC  0|TAMS 0x0000000088300000, 0x0000000088300000|
| 112|0x0000000088400000, 0x0000000088400000, 0x0000000088500000|  0%| F|  |TS  3|AC  0|TAMS 0x0000000088400000, 0x0000000088400000|
| 113|0x0000000088500000, 0x0000000088500000, 0x0000000088600000|  0%| F|  |TS  3|AC  0|TAMS 0x0000000088500000, 0x0000000088500000|
| 114|0x0000000088600000, 0x0000000088600000, 0x0000000088700000|  0%| F|  |TS  3|AC  0|TAMS 0x0000000088600000, 0x0000000088600000|
| 115|0x0000000088700000, 0x0000000088700000, 0x0000000088800000|  0%| F|  |TS  3|AC  0|TAMS 0x0000000088700000, 0x0000000088700000|
| 116|0x0000000088800000, 0x0000000088891c00, 0x0000000088900000| 56%| S|CS|TS  4|AC  0|TAMS 0x0000000088800000, 0x0000000088800000|
| 117|0x0000000088900000, 0x0000000088a00000, 0x0000000088a00000|100%| S|CS|TS  4|AC  0|TAMS 0x0000000088900000, 0x0000000088900000|
| 118|0x0000000088a00000, 0x0000000088a00000, 0x0000000088b00000|  0%| F|  |TS  4|AC  0|TAMS 0x0000000088a00000, 0x0000000088a00000|
| 119|0x0000000088b00000, 0x0000000088b00000, 0x0000000088c00000|  0%| F|  |TS  4|AC  0|TAMS 0x0000000088b00000, 0x0000000088b00000|
| 120|0x0000000088c00000, 0x0000000088c00000, 0x0000000088d00000|  0%| F|  |TS  4|AC  0|TAMS 0x0000000088c00000, 0x0000000088c00000|
| 121|0x0000000088d00000, 0x0000000088d00000, 0x0000000088e00000|  0%| F|  |TS  4|AC  0|TAMS 0x0000000088d00000, 0x0000000088d00000|
| 122|0x0000000088e00000, 0x0000000088e00000, 0x0000000088f00000|  0%| F|  |TS  4|AC  0|TAMS 0x0000000088e00000, 0x0000000088e00000|
| 123|0x0000000088f00000, 0x0000000088f00000, 0x0000000089000000|  0%| F|  |TS  4|AC  0|TAMS 0x0000000088f00000, 0x0000000088f00000|
| 124|0x0000000089000000, 0x0000000089000000, 0x0000000089100000|  0%| F|  |TS  4|AC  0|TAMS 0x0000000089000000, 0x0000000089000000|
| 125|0x0000000089100000, 0x0000000089100000, 0x0000000089200000|  0%| F|  |TS  4|AC  0|TAMS 0x0000000089100000, 0x0000000089100000|
| 126|0x0000000089200000, 0x0000000089200000, 0x0000000089300000|  0%| F|  |TS  4|AC  0|TAMS 0x0000000089200000, 0x0000000089200000|
| 127|0x0000000089300000, 0x0000000089300000, 0x0000000089400000|  0%| F|  |TS  4|AC  0|TAMS 0x0000000089300000, 0x0000000089300000|
| 128|0x0000000089400000, 0x0000000089400000, 0x0000000089500000|  0%| F|  |TS  4|AC  0|TAMS 0x0000000089400000, 0x0000000089400000|
| 129|0x0000000089500000, 0x0000000089500000, 0x0000000089600000|  0%| F|  |TS  4|AC  0|TAMS 0x0000000089500000, 0x0000000089500000|
| 130|0x0000000089600000, 0x0000000089600000, 0x0000000089700000|  0%| F|  |TS  4|AC  0|TAMS 0x0000000089600000, 0x0000000089600000|
| 131|0x0000000089700000, 0x0000000089700000, 0x0000000089800000|  0%| F|  |TS  4|AC  0|TAMS 0x0000000089700000, 0x0000000089700000|
| 132|0x0000000089800000, 0x0000000089800000, 0x0000000089900000|  0%| F|  |TS  4|AC  0|TAMS 0x0000000089800000, 0x0000000089800000|
| 133|0x0000000089900000, 0x0000000089900000, 0x0000000089a00000|  0%| F|  |TS  4|AC  0|TAMS 0x0000000089900000, 0x0000000089900000|
| 134|0x0000000089a00000, 0x0000000089a00000, 0x0000000089b00000|  0%| F|  |TS  4|AC  0|TAMS 0x0000000089a00000, 0x0000000089a00000|
| 135|0x0000000089b00000, 0x0000000089b00000, 0x0000000089c00000|  0%| F|  |TS  4|AC  0|TAMS 0x0000000089b00000, 0x0000000089b00000|
| 136|0x0000000089c00000, 0x0000000089c00000, 0x0000000089d00000|  0%| F|  |TS  4|AC  0|TAMS 0x0000000089c00000, 0x0000000089c00000|
| 137|0x0000000089d00000, 0x0000000089d00000, 0x0000000089e00000|  0%| F|  |TS  4|AC  0|TAMS 0x0000000089d00000, 0x0000000089d00000|
| 138|0x0000000089e00000, 0x0000000089e00000, 0x0000000089f00000|  0%| F|  |TS  4|AC  0|TAMS 0x0000000089e00000, 0x0000000089e00000|
| 139|0x0000000089f00000, 0x0000000089f00000, 0x000000008a000000|  0%| F|  |TS  4|AC  0|TAMS 0x0000000089f00000, 0x0000000089f00000|
| 140|0x000000008a000000, 0x000000008a000000, 0x000000008a100000|  0%| F|  |TS  4|AC  0|TAMS 0x000000008a000000, 0x000000008a000000|
| 141|0x000000008a100000, 0x000000008a100000, 0x000000008a200000|  0%| F|  |TS  4|AC  0|TAMS 0x000000008a100000, 0x000000008a100000|
| 142|0x000000008a200000, 0x000000008a200000, 0x000000008a300000|  0%| F|  |TS  4|AC  0|TAMS 0x000000008a200000, 0x000000008a200000|
| 143|0x000000008a300000, 0x000000008a300000, 0x000000008a400000|  0%| F|  |TS  4|AC  0|TAMS 0x000000008a300000, 0x000000008a300000|
| 144|0x000000008a400000, 0x000000008a400000, 0x000000008a500000|  0%| F|  |TS  4|AC  0|TAMS 0x000000008a400000, 0x000000008a400000|
| 145|0x000000008a500000, 0x000000008a500000, 0x000000008a600000|  0%| F|  |TS  4|AC  0|TAMS 0x000000008a500000, 0x000000008a500000|
| 146|0x000000008a600000, 0x000000008a600000, 0x000000008a700000|  0%| F|  |TS  4|AC  0|TAMS 0x000000008a600000, 0x000000008a600000|
| 147|0x000000008a700000, 0x000000008a700000, 0x000000008a800000|  0%| F|  |TS  4|AC  0|TAMS 0x000000008a700000, 0x000000008a700000|
| 148|0x000000008a800000, 0x000000008a800000, 0x000000008a900000|  0%| F|  |TS  4|AC  0|TAMS 0x000000008a800000, 0x000000008a800000|
| 149|0x000000008a900000, 0x000000008a900000, 0x000000008aa00000|  0%| F|  |TS  4|AC  0|TAMS 0x000000008a900000, 0x000000008a900000|
| 150|0x000000008aa00000, 0x000000008aa00000, 0x000000008ab00000|  0%| F|  |TS  4|AC  0|TAMS 0x000000008aa00000, 0x000000008aa00000|
| 151|0x000000008ab00000, 0x000000008ab00000, 0x000000008ac00000|  0%| F|  |TS  4|AC  0|TAMS 0x000000008ab00000, 0x000000008ab00000|
| 152|0x000000008ac00000, 0x000000008ac00000, 0x000000008ad00000|  0%| F|  |TS  4|AC  0|TAMS 0x000000008ac00000, 0x000000008ac00000|
| 153|0x000000008ad00000, 0x000000008ad00000, 0x000000008ae00000|  0%| F|  |TS  4|AC  0|TAMS 0x000000008ad00000, 0x000000008ad00000|
| 154|0x000000008ae00000, 0x000000008ae00000, 0x000000008af00000|  0%| F|  |TS  4|AC  0|TAMS 0x000000008ae00000, 0x000000008ae00000|
| 155|0x000000008af00000, 0x000000008af00000, 0x000000008b000000|  0%| F|  |TS  4|AC  0|TAMS 0x000000008af00000, 0x000000008af00000|
| 156|0x000000008b000000, 0x000000008b000000, 0x000000008b100000|  0%| F|  |TS  4|AC  0|TAMS 0x000000008b000000, 0x000000008b000000|
| 157|0x000000008b100000, 0x000000008b100000, 0x000000008b200000|  0%| F|  |TS  4|AC  0|TAMS 0x000000008b100000, 0x000000008b100000|
| 158|0x000000008b200000, 0x000000008b200000, 0x000000008b300000|  0%| F|  |TS  4|AC  0|TAMS 0x000000008b200000, 0x000000008b200000|
| 159|0x000000008b300000, 0x000000008b300000, 0x000000008b400000|  0%| F|  |TS  4|AC  0|TAMS 0x000000008b300000, 0x000000008b300000|
| 160|0x000000008b400000, 0x000000008b400000, 0x000000008b500000|  0%| F|  |TS  4|AC  0|TAMS 0x000000008b400000, 0x000000008b400000|
| 161|0x000000008b500000, 0x000000008b600000, 0x000000008b600000|100%|HS|  |TS  0|AC  0|TAMS 0x000000008b500000, 0x000000008b600000|
| 162|0x000000008b600000, 0x000000008b700000, 0x000000008b700000|100%|HC|  |TS  0|AC  0|TAMS 0x000000008b600000, 0x000000008b700000|
| 163|0x000000008b700000, 0x000000008b800000, 0x000000008b800000|100%|HC|  |TS  0|AC  0|TAMS 0x000000008b700000, 0x000000008b800000|
| 164|0x000000008b800000, 0x000000008b900000, 0x000000008b900000|100%|HC|  |TS  0|AC  0|TAMS 0x000000008b800000, 0x000000008b900000|
| 165|0x000000008b900000, 0x000000008ba00000, 0x000000008ba00000|100%|HC|  |TS  0|AC  0|TAMS 0x000000008b900000, 0x000000008ba00000|
| 166|0x000000008ba00000, 0x000000008bb00000, 0x000000008bb00000|100%|HC|  |TS  0|AC  0|TAMS 0x000000008ba00000, 0x000000008bb00000|
| 167|0x000000008bb00000, 0x000000008bc00000, 0x000000008bc00000|100%|HC|  |TS  0|AC  0|TAMS 0x000000008bb00000, 0x000000008bc00000|
| 168|0x000000008bc00000, 0x000000008bd00000, 0x000000008bd00000|100%|HC|  |TS  0|AC  0|TAMS 0x000000008bc00000, 0x000000008bd00000|
| 169|0x000000008bd00000, 0x000000008be00000, 0x000000008be00000|100%|HC|  |TS  0|AC  0|TAMS 0x000000008bd00000, 0x000000008be00000|
| 170|0x000000008be00000, 0x000000008bf00000, 0x000000008bf00000|100%|HC|  |TS  0|AC  0|TAMS 0x000000008be00000, 0x000000008bf00000|
| 171|0x000000008bf00000, 0x000000008c000000, 0x000000008c000000|100%|HC|  |TS  0|AC  0|TAMS 0x000000008bf00000, 0x000000008c000000|
| 172|0x000000008c000000, 0x000000008c100000, 0x000000008c100000|100%|HC|  |TS  0|AC  0|TAMS 0x000000008c000000, 0x000000008c100000|
| 173|0x000000008c100000, 0x000000008c200000, 0x000000008c200000|100%|HC|  |TS  0|AC  0|TAMS 0x000000008c100000, 0x000000008c200000|
| 174|0x000000008c200000, 0x000000008c300000, 0x000000008c300000|100%|HC|  |TS  0|AC  0|TAMS 0x000000008c200000, 0x000000008c300000|
| 175|0x000000008c300000, 0x000000008c400000, 0x000000008c400000|100%|HC|  |TS  0|AC  0|TAMS 0x000000008c300000, 0x000000008c400000|
| 176|0x000000008c400000, 0x000000008c500000, 0x000000008c500000|100%|HC|  |TS  0|AC  0|TAMS 0x000000008c400000, 0x000000008c500000|
| 177|0x000000008c500000, 0x000000008c600000, 0x000000008c600000|100%|HC|  |TS  0|AC  0|TAMS 0x000000008c500000, 0x000000008c600000|
| 178|0x000000008c600000, 0x000000008c700000, 0x000000008c700000|100%|HC|  |TS  0|AC  0|TAMS 0x000000008c600000, 0x000000008c700000|
| 179|0x000000008c700000, 0x000000008c800000, 0x000000008c800000|100%|HC|  |TS  0|AC  0|TAMS 0x000000008c700000, 0x000000008c800000|
| 180|0x000000008c800000, 0x000000008c900000, 0x000000008c900000|100%|HC|  |TS  0|AC  0|TAMS 0x000000008c800000, 0x000000008c900000|
| 181|0x000000008c900000, 0x000000008ca00000, 0x000000008ca00000|100%|HC|  |TS  0|AC  0|TAMS 0x000000008c900000, 0x000000008ca00000|
| 182|0x000000008ca00000, 0x000000008cb00000, 0x000000008cb00000|100%|HC|  |TS  0|AC  0|TAMS 0x000000008ca00000, 0x000000008cb00000|
| 183|0x000000008cb00000, 0x000000008cc00000, 0x000000008cc00000|100%|HC|  |TS  0|AC  0|TAMS 0x000000008cb00000, 0x000000008cc00000|
| 184|0x000000008cc00000, 0x000000008cd00000, 0x000000008cd00000|100%|HC|  |TS  0|AC  0|TAMS 0x000000008cc00000, 0x000000008cd00000|
| 185|0x000000008cd00000, 0x000000008ce00000, 0x000000008ce00000|100%|HC|  |TS  0|AC  0|TAMS 0x000000008cd00000, 0x000000008ce00000|
| 186|0x000000008ce00000, 0x000000008cf00000, 0x000000008cf00000|100%|HC|  |TS  0|AC  0|TAMS 0x000000008ce00000, 0x000000008cf00000|
| 187|0x000000008cf00000, 0x000000008d000000, 0x000000008d000000|100%|HC|  |TS  0|AC  0|TAMS 0x000000008cf00000, 0x000000008d000000|
| 188|0x000000008d000000, 0x000000008d100000, 0x000000008d100000|100%|HC|  |TS  0|AC  0|TAMS 0x000000008d000000, 0x000000008d100000|
| 189|0x000000008d100000, 0x000000008d200000, 0x000000008d200000|100%|HC|  |TS  0|AC  0|TAMS 0x000000008d100000, 0x000000008d200000|
| 190|0x000000008d200000, 0x000000008d300000, 0x000000008d300000|100%|HC|  |TS  0|AC  0|TAMS 0x000000008d200000, 0x000000008d300000|
| 191|0x000000008d300000, 0x000000008d400000, 0x000000008d400000|100%|HC|  |TS  0|AC  0|TAMS 0x000000008d300000, 0x000000008d400000|
| 192|0x000000008d400000, 0x000000008d500000, 0x000000008d500000|100%|HC|  |TS  0|AC  0|TAMS 0x000000008d400000, 0x000000008d500000|
| 193|0x000000008d500000, 0x000000008d600000, 0x000000008d600000|100%|HC|  |TS  0|AC  0|TAMS 0x000000008d500000, 0x000000008d600000|
| 194|0x000000008d600000, 0x000000008d700000, 0x000000008d700000|100%|HC|  |TS  0|AC  0|TAMS 0x000000008d600000, 0x000000008d700000|
| 195|0x000000008d700000, 0x000000008d800000, 0x000000008d800000|100%|HC|  |TS  0|AC  0|TAMS 0x000000008d700000, 0x000000008d800000|
| 196|0x000000008d800000, 0x000000008d900000, 0x000000008d900000|100%|HC|  |TS  0|AC  0|TAMS 0x000000008d800000, 0x000000008d900000|
| 197|0x000000008d900000, 0x000000008da00000, 0x000000008da00000|100%|HC|  |TS  0|AC  0|TAMS 0x000000008d900000, 0x000000008da00000|
| 198|0x000000008da00000, 0x000000008db00000, 0x000000008db00000|100%|HC|  |TS  0|AC  0|TAMS 0x000000008da00000, 0x000000008db00000|
| 199|0x000000008db00000, 0x000000008dc00000, 0x000000008dc00000|100%|HC|  |TS  0|AC  0|TAMS 0x000000008db00000, 0x000000008dc00000|
| 200|0x000000008dc00000, 0x000000008dd00000, 0x000000008dd00000|100%|HC|  |TS  0|AC  0|TAMS 0x000000008dc00000, 0x000000008dd00000|
| 201|0x000000008dd00000, 0x000000008de00000, 0x000000008de00000|100%|HC|  |TS  0|AC  0|TAMS 0x000000008dd00000, 0x000000008de00000|
| 202|0x000000008de00000, 0x000000008df00000, 0x000000008df00000|100%|HC|  |TS  0|AC  0|TAMS 0x000000008de00000, 0x000000008df00000|
| 203|0x000000008df00000, 0x000000008e000000, 0x000000008e000000|100%|HC|  |TS  0|AC  0|TAMS 0x000000008df00000, 0x000000008e000000|
| 204|0x000000008e000000, 0x000000008e100000, 0x000000008e100000|100%|HC|  |TS  0|AC  0|TAMS 0x000000008e000000, 0x000000008e100000|
| 205|0x000000008e100000, 0x000000008e200000, 0x000000008e200000|100%|HC|  |TS  0|AC  0|TAMS 0x000000008e100000, 0x000000008e200000|
| 206|0x000000008e200000, 0x000000008e300000, 0x000000008e300000|100%|HC|  |TS  0|AC  0|TAMS 0x000000008e200000, 0x000000008e300000|
| 207|0x000000008e300000, 0x000000008e400000, 0x000000008e400000|100%|HC|  |TS  0|AC  0|TAMS 0x000000008e300000, 0x000000008e400000|
| 208|0x000000008e400000, 0x000000008e500000, 0x000000008e500000|100%|HC|  |TS  0|AC  0|TAMS 0x000000008e400000, 0x000000008e500000|
| 209|0x000000008e500000, 0x000000008e600000, 0x000000008e600000|100%|HC|  |TS  0|AC  0|TAMS 0x000000008e500000, 0x000000008e600000|
| 210|0x000000008e600000, 0x000000008e700000, 0x000000008e700000|100%|HC|  |TS  0|AC  0|TAMS 0x000000008e600000, 0x000000008e700000|
| 211|0x000000008e700000, 0x000000008e800000, 0x000000008e800000|100%|HC|  |TS  0|AC  0|TAMS 0x000000008e700000, 0x000000008e800000|
| 212|0x000000008e800000, 0x000000008e900000, 0x000000008e900000|100%|HC|  |TS  0|AC  0|TAMS 0x000000008e800000, 0x000000008e900000|
| 213|0x000000008e900000, 0x000000008ea00000, 0x000000008ea00000|100%|HC|  |TS  0|AC  0|TAMS 0x000000008e900000, 0x000000008ea00000|
| 214|0x000000008ea00000, 0x000000008eb00000, 0x000000008eb00000|100%|HC|  |TS  0|AC  0|TAMS 0x000000008ea00000, 0x000000008eb00000|
| 215|0x000000008eb00000, 0x000000008ec00000, 0x000000008ec00000|100%|HC|  |TS  0|AC  0|TAMS 0x000000008eb00000, 0x000000008ec00000|
| 216|0x000000008ec00000, 0x000000008ed00000, 0x000000008ed00000|100%|HC|  |TS  0|AC  0|TAMS 0x000000008ec00000, 0x000000008ed00000|
| 217|0x000000008ed00000, 0x000000008ee00000, 0x000000008ee00000|100%|HC|  |TS  0|AC  0|TAMS 0x000000008ed00000, 0x000000008ee00000|
| 218|0x000000008ee00000, 0x000000008ef00000, 0x000000008ef00000|100%|HC|  |TS  0|AC  0|TAMS 0x000000008ee00000, 0x000000008ef00000|
| 219|0x000000008ef00000, 0x000000008f000000, 0x000000008f000000|100%|HC|  |TS  0|AC  0|TAMS 0x000000008ef00000, 0x000000008f000000|
| 220|0x000000008f000000, 0x000000008f100000, 0x000000008f100000|100%|HC|  |TS  0|AC  0|TAMS 0x000000008f000000, 0x000000008f100000|
| 221|0x000000008f100000, 0x000000008f200000, 0x000000008f200000|100%|HC|  |TS  0|AC  0|TAMS 0x000000008f100000, 0x000000008f200000|
| 222|0x000000008f200000, 0x000000008f300000, 0x000000008f300000|100%|HC|  |TS  0|AC  0|TAMS 0x000000008f200000, 0x000000008f300000|
| 223|0x000000008f300000, 0x000000008f400000, 0x000000008f400000|100%|HC|  |TS  0|AC  0|TAMS 0x000000008f300000, 0x000000008f400000|
| 224|0x000000008f400000, 0x000000008f500000, 0x000000008f500000|100%|HC|  |TS  0|AC  0|TAMS 0x000000008f400000, 0x000000008f500000|
| 225|0x000000008f500000, 0x000000008f600000, 0x000000008f600000|100%|HC|  |TS  0|AC  0|TAMS 0x000000008f500000, 0x000000008f600000|
| 226|0x000000008f600000, 0x000000008f700000, 0x000000008f700000|100%|HC|  |TS  0|AC  0|TAMS 0x000000008f600000, 0x000000008f700000|
| 227|0x000000008f700000, 0x000000008f800000, 0x000000008f800000|100%|HC|  |TS  0|AC  0|TAMS 0x000000008f700000, 0x000000008f800000|
| 228|0x000000008f800000, 0x000000008f900000, 0x000000008f900000|100%|HC|  |TS  0|AC  0|TAMS 0x000000008f800000, 0x000000008f900000|
| 229|0x000000008f900000, 0x000000008fa00000, 0x000000008fa00000|100%|HC|  |TS  0|AC  0|TAMS 0x000000008f900000, 0x000000008fa00000|
| 230|0x000000008fa00000, 0x000000008fb00000, 0x000000008fb00000|100%|HC|  |TS  0|AC  0|TAMS 0x000000008fa00000, 0x000000008fb00000|
| 231|0x000000008fb00000, 0x000000008fc00000, 0x000000008fc00000|100%|HC|  |TS  0|AC  0|TAMS 0x000000008fb00000, 0x000000008fc00000|
| 232|0x000000008fc00000, 0x000000008fd00000, 0x000000008fd00000|100%|HC|  |TS  0|AC  0|TAMS 0x000000008fc00000, 0x000000008fd00000|
| 233|0x000000008fd00000, 0x000000008fe00000, 0x000000008fe00000|100%|HC|  |TS  0|AC  0|TAMS 0x000000008fd00000, 0x000000008fe00000|
| 234|0x000000008fe00000, 0x000000008ff00000, 0x000000008ff00000|100%|HC|  |TS  0|AC  0|TAMS 0x000000008fe00000, 0x000000008ff00000|
| 235|0x000000008ff00000, 0x0000000090000000, 0x0000000090000000|100%|HC|  |TS  0|AC  0|TAMS 0x000000008ff00000, 0x0000000090000000|
| 236|0x0000000090000000, 0x0000000090100000, 0x0000000090100000|100%|HC|  |TS  0|AC  0|TAMS 0x0000000090000000, 0x0000000090100000|
| 237|0x0000000090100000, 0x0000000090200000, 0x0000000090200000|100%|HC|  |TS  0|AC  0|TAMS 0x0000000090100000, 0x0000000090200000|
| 238|0x0000000090200000, 0x0000000090300000, 0x0000000090300000|100%|HC|  |TS  0|AC  0|TAMS 0x0000000090200000, 0x0000000090300000|
| 239|0x0000000090300000, 0x0000000090400000, 0x0000000090400000|100%|HC|  |TS  0|AC  0|TAMS 0x0000000090300000, 0x0000000090400000|
| 240|0x0000000090400000, 0x0000000090500000, 0x0000000090500000|100%|HC|  |TS  0|AC  0|TAMS 0x0000000090400000, 0x0000000090500000|
| 241|0x0000000090500000, 0x0000000090600000, 0x0000000090600000|100%|HC|  |TS  0|AC  0|TAMS 0x0000000090500000, 0x0000000090600000|
| 242|0x0000000090600000, 0x0000000090700000, 0x0000000090700000|100%|HC|  |TS  0|AC  0|TAMS 0x0000000090600000, 0x0000000090700000|
| 243|0x0000000090700000, 0x0000000090800000, 0x0000000090800000|100%|HC|  |TS  0|AC  0|TAMS 0x0000000090700000, 0x0000000090800000|
| 244|0x0000000090800000, 0x0000000090900000, 0x0000000090900000|100%|HC|  |TS  0|AC  0|TAMS 0x0000000090800000, 0x0000000090900000|
| 245|0x0000000090900000, 0x0000000090a00000, 0x0000000090a00000|100%|HC|  |TS  0|AC  0|TAMS 0x0000000090900000, 0x0000000090a00000|
| 246|0x0000000090a00000, 0x0000000090b00000, 0x0000000090b00000|100%|HC|  |TS  0|AC  0|TAMS 0x0000000090a00000, 0x0000000090b00000|
| 247|0x0000000090b00000, 0x0000000090c00000, 0x0000000090c00000|100%|HC|  |TS  0|AC  0|TAMS 0x0000000090b00000, 0x0000000090c00000|
| 248|0x0000000090c00000, 0x0000000090d00000, 0x0000000090d00000|100%|HC|  |TS  0|AC  0|TAMS 0x0000000090c00000, 0x0000000090d00000|
| 249|0x0000000090d00000, 0x0000000090e00000, 0x0000000090e00000|100%|HC|  |TS  0|AC  0|TAMS 0x0000000090d00000, 0x0000000090e00000|
| 250|0x0000000090e00000, 0x0000000090f00000, 0x0000000090f00000|100%|HC|  |TS  0|AC  0|TAMS 0x0000000090e00000, 0x0000000090f00000|
| 251|0x0000000090f00000, 0x0000000091000000, 0x0000000091000000|100%|HC|  |TS  0|AC  0|TAMS 0x0000000090f00000, 0x0000000091000000|
| 252|0x0000000091000000, 0x0000000091100000, 0x0000000091100000|100%|HC|  |TS  0|AC  0|TAMS 0x0000000091000000, 0x0000000091100000|
| 253|0x0000000091100000, 0x0000000091200000, 0x0000000091200000|100%|HC|  |TS  0|AC  0|TAMS 0x0000000091100000, 0x0000000091200000|
| 254|0x0000000091200000, 0x0000000091300000, 0x0000000091300000|100%|HC|  |TS  0|AC  0|TAMS 0x0000000091200000, 0x0000000091300000|
| 255|0x0000000091300000, 0x0000000091400000, 0x0000000091400000|100%|HC|  |TS  0|AC  0|TAMS 0x0000000091300000, 0x0000000091400000|
| 256|0x0000000091400000, 0x0000000091500000, 0x0000000091500000|100%|HC|  |TS  0|AC  0|TAMS 0x0000000091400000, 0x0000000091500000|
| 257|0x0000000091500000, 0x0000000091600000, 0x0000000091600000|100%|HC|  |TS  0|AC  0|TAMS 0x0000000091500000, 0x0000000091600000|
| 258|0x0000000091600000, 0x0000000091700000, 0x0000000091700000|100%|HC|  |TS  0|AC  0|TAMS 0x0000000091600000, 0x0000000091700000|
| 259|0x0000000091700000, 0x0000000091800000, 0x0000000091800000|100%|HC|  |TS  0|AC  0|TAMS 0x0000000091700000, 0x0000000091800000|
| 260|0x0000000091800000, 0x0000000091900000, 0x0000000091900000|100%|HC|  |TS  0|AC  0|TAMS 0x0000000091800000, 0x0000000091900000|
| 261|0x0000000091900000, 0x0000000091a00000, 0x0000000091a00000|100%|HC|  |TS  0|AC  0|TAMS 0x0000000091900000, 0x0000000091a00000|
| 262|0x0000000091a00000, 0x0000000091b00000, 0x0000000091b00000|100%|HC|  |TS  0|AC  0|TAMS 0x0000000091a00000, 0x0000000091b00000|
| 263|0x0000000091b00000, 0x0000000091c00000, 0x0000000091c00000|100%|HC|  |TS  0|AC  0|TAMS 0x0000000091b00000, 0x0000000091c00000|
| 264|0x0000000091c00000, 0x0000000091d00000, 0x0000000091d00000|100%|HC|  |TS  0|AC  0|TAMS 0x0000000091c00000, 0x0000000091d00000|
| 265|0x0000000091d00000, 0x0000000091e00000, 0x0000000091e00000|100%|HC|  |TS  0|AC  0|TAMS 0x0000000091d00000, 0x0000000091e00000|
| 266|0x0000000091e00000, 0x0000000091f00000, 0x0000000091f00000|100%|HC|  |TS  0|AC  0|TAMS 0x0000000091e00000, 0x0000000091f00000|
| 267|0x0000000091f00000, 0x0000000092000000, 0x0000000092000000|100%|HC|  |TS  0|AC  0|TAMS 0x0000000091f00000, 0x0000000092000000|
| 268|0x0000000092000000, 0x0000000092100000, 0x0000000092100000|100%|HC|  |TS  0|AC  0|TAMS 0x0000000092000000, 0x0000000092100000|
| 269|0x0000000092100000, 0x0000000092200000, 0x0000000092200000|100%|HC|  |TS  0|AC  0|TAMS 0x0000000092100000, 0x0000000092200000|
| 270|0x0000000092200000, 0x0000000092300000, 0x0000000092300000|100%|HC|  |TS  0|AC  0|TAMS 0x0000000092200000, 0x0000000092300000|
| 271|0x0000000092300000, 0x0000000092400000, 0x0000000092400000|100%|HC|  |TS  0|AC  0|TAMS 0x0000000092300000, 0x0000000092400000|
| 272|0x0000000092400000, 0x0000000092500000, 0x0000000092500000|100%|HC|  |TS  0|AC  0|TAMS 0x0000000092400000, 0x0000000092500000|
| 273|0x0000000092500000, 0x0000000092600000, 0x0000000092600000|100%|HC|  |TS  0|AC  0|TAMS 0x0000000092500000, 0x0000000092600000|
| 274|0x0000000092600000, 0x0000000092700000, 0x0000000092700000|100%|HC|  |TS  0|AC  0|TAMS 0x0000000092600000, 0x0000000092700000|
| 275|0x0000000092700000, 0x0000000092800000, 0x0000000092800000|100%|HC|  |TS  0|AC  0|TAMS 0x0000000092700000, 0x0000000092800000|
| 276|0x0000000092800000, 0x0000000092900000, 0x0000000092900000|100%|HC|  |TS  0|AC  0|TAMS 0x0000000092800000, 0x0000000092900000|
| 277|0x0000000092900000, 0x0000000092a00000, 0x0000000092a00000|100%|HC|  |TS  0|AC  0|TAMS 0x0000000092900000, 0x0000000092a00000|
| 278|0x0000000092a00000, 0x0000000092b00000, 0x0000000092b00000|100%|HC|  |TS  0|AC  0|TAMS 0x0000000092a00000, 0x0000000092b00000|
| 279|0x0000000092b00000, 0x0000000092c00000, 0x0000000092c00000|100%|HC|  |TS  0|AC  0|TAMS 0x0000000092b00000, 0x0000000092c00000|
| 280|0x0000000092c00000, 0x0000000092d00000, 0x0000000092d00000|100%|HC|  |TS  0|AC  0|TAMS 0x0000000092c00000, 0x0000000092d00000|
| 281|0x0000000092d00000, 0x0000000092e00000, 0x0000000092e00000|100%|HC|  |TS  0|AC  0|TAMS 0x0000000092d00000, 0x0000000092e00000|
| 282|0x0000000092e00000, 0x0000000092f00000, 0x0000000092f00000|100%|HC|  |TS  0|AC  0|TAMS 0x0000000092e00000, 0x0000000092f00000|
| 283|0x0000000092f00000, 0x0000000093000000, 0x0000000093000000|100%|HC|  |TS  0|AC  0|TAMS 0x0000000092f00000, 0x0000000093000000|
| 284|0x0000000093000000, 0x0000000093100000, 0x0000000093100000|100%|HC|  |TS  0|AC  0|TAMS 0x0000000093000000, 0x0000000093100000|
| 285|0x0000000093100000, 0x0000000093200000, 0x0000000093200000|100%|HC|  |TS  0|AC  0|TAMS 0x0000000093100000, 0x0000000093200000|
| 286|0x0000000093200000, 0x0000000093300000, 0x0000000093300000|100%|HC|  |TS  0|AC  0|TAMS 0x0000000093200000, 0x0000000093300000|
| 287|0x0000000093300000, 0x0000000093400000, 0x0000000093400000|100%|HC|  |TS  0|AC  0|TAMS 0x0000000093300000, 0x0000000093400000|
| 288|0x0000000093400000, 0x0000000093500000, 0x0000000093500000|100%|HC|  |TS  0|AC  0|TAMS 0x0000000093400000, 0x0000000093500000|
| 289|0x0000000093500000, 0x0000000093600000, 0x0000000093600000|100%|HC|  |TS  0|AC  0|TAMS 0x0000000093500000, 0x0000000093600000|
| 290|0x0000000093600000, 0x0000000093700000, 0x0000000093700000|100%|HC|  |TS  0|AC  0|TAMS 0x0000000093600000, 0x0000000093700000|
| 291|0x0000000093700000, 0x0000000093800000, 0x0000000093800000|100%|HC|  |TS  0|AC  0|TAMS 0x0000000093700000, 0x0000000093800000|
| 292|0x0000000093800000, 0x0000000093900000, 0x0000000093900000|100%|HC|  |TS  0|AC  0|TAMS 0x0000000093800000, 0x0000000093900000|
| 293|0x0000000093900000, 0x0000000093a00000, 0x0000000093a00000|100%|HC|  |TS  0|AC  0|TAMS 0x0000000093900000, 0x0000000093a00000|
| 294|0x0000000093a00000, 0x0000000093b00000, 0x0000000093b00000|100%|HC|  |TS  0|AC  0|TAMS 0x0000000093a00000, 0x0000000093b00000|
| 295|0x0000000093b00000, 0x0000000093c00000, 0x0000000093c00000|100%|HC|  |TS  0|AC  0|TAMS 0x0000000093b00000, 0x0000000093c00000|
| 296|0x0000000093c00000, 0x0000000093d00000, 0x0000000093d00000|100%|HC|  |TS  0|AC  0|TAMS 0x0000000093c00000, 0x0000000093d00000|
| 297|0x0000000093d00000, 0x0000000093e00000, 0x0000000093e00000|100%|HC|  |TS  0|AC  0|TAMS 0x0000000093d00000, 0x0000000093e00000|
| 298|0x0000000093e00000, 0x0000000093f00000, 0x0000000093f00000|100%|HC|  |TS  0|AC  0|TAMS 0x0000000093e00000, 0x0000000093f00000|
| 299|0x0000000093f00000, 0x0000000094000000, 0x0000000094000000|100%|HC|  |TS  0|AC  0|TAMS 0x0000000093f00000, 0x0000000094000000|
| 300|0x0000000094000000, 0x0000000094100000, 0x0000000094100000|100%|HC|  |TS  0|AC  0|TAMS 0x0000000094000000, 0x0000000094100000|
| 301|0x0000000094100000, 0x0000000094200000, 0x0000000094200000|100%|HC|  |TS  0|AC  0|TAMS 0x0000000094100000, 0x0000000094200000|
| 302|0x0000000094200000, 0x0000000094300000, 0x0000000094300000|100%|HC|  |TS  0|AC  0|TAMS 0x0000000094200000, 0x0000000094300000|
| 303|0x0000000094300000, 0x0000000094400000, 0x0000000094400000|100%|HC|  |TS  0|AC  0|TAMS 0x0000000094300000, 0x0000000094400000|
| 304|0x0000000094400000, 0x0000000094500000, 0x0000000094500000|100%|HC|  |TS  0|AC  0|TAMS 0x0000000094400000, 0x0000000094500000|
| 305|0x0000000094500000, 0x0000000094600000, 0x0000000094600000|100%|HC|  |TS  0|AC  0|TAMS 0x0000000094500000, 0x0000000094600000|
| 306|0x0000000094600000, 0x0000000094600000, 0x0000000094700000|  0%| F|  |TS  4|AC  0|TAMS 0x0000000094600000, 0x0000000094600000|
| 307|0x0000000094700000, 0x0000000094700000, 0x0000000094800000|  0%| F|  |TS  4|AC  0|TAMS 0x0000000094700000, 0x0000000094700000|
| 308|0x0000000094800000, 0x0000000094800000, 0x0000000094900000|  0%| F|  |TS  4|AC  0|TAMS 0x0000000094800000, 0x0000000094800000|
| 309|0x0000000094900000, 0x0000000094900000, 0x0000000094a00000|  0%| F|  |TS  4|AC  0|TAMS 0x0000000094900000, 0x0000000094900000|
| 310|0x0000000094a00000, 0x0000000094a00000, 0x0000000094b00000|  0%| F|  |TS  4|AC  0|TAMS 0x0000000094a00000, 0x0000000094a00000|
| 311|0x0000000094b00000, 0x0000000094b00000, 0x0000000094c00000|  0%| F|  |TS  4|AC  0|TAMS 0x0000000094b00000, 0x0000000094b00000|
| 312|0x0000000094c00000, 0x0000000094c00000, 0x0000000094d00000|  0%| F|  |TS  4|AC  0|TAMS 0x0000000094c00000, 0x0000000094c00000|
| 313|0x0000000094d00000, 0x0000000094d00000, 0x0000000094e00000|  0%| F|  |TS  4|AC  0|TAMS 0x0000000094d00000, 0x0000000094d00000|
| 314|0x0000000094e00000, 0x0000000094e00000, 0x0000000094f00000|  0%| F|  |TS  4|AC  0|TAMS 0x0000000094e00000, 0x0000000094e00000|
| 315|0x0000000094f00000, 0x0000000094f00000, 0x0000000095000000|  0%| F|  |TS  4|AC  0|TAMS 0x0000000094f00000, 0x0000000094f00000|
| 316|0x0000000095000000, 0x0000000095000000, 0x0000000095100000|  0%| F|  |TS  4|AC  0|TAMS 0x0000000095000000, 0x0000000095000000|
| 317|0x0000000095100000, 0x0000000095100000, 0x0000000095200000|  0%| F|  |TS  4|AC  0|TAMS 0x0000000095100000, 0x0000000095100000|
| 318|0x0000000095200000, 0x0000000095200000, 0x0000000095300000|  0%| F|  |TS  4|AC  0|TAMS 0x0000000095200000, 0x0000000095200000|
| 319|0x0000000095300000, 0x0000000095300000, 0x0000000095400000|  0%| F|  |TS  4|AC  0|TAMS 0x0000000095300000, 0x0000000095300000|
| 320|0x0000000095400000, 0x0000000095400000, 0x0000000095500000|  0%| F|  |TS  4|AC  0|TAMS 0x0000000095400000, 0x0000000095400000|
| 321|0x0000000095500000, 0x0000000095500000, 0x0000000095600000|  0%| F|  |TS  4|AC  0|TAMS 0x0000000095500000, 0x0000000095500000|
| 322|0x0000000095600000, 0x0000000095600000, 0x0000000095700000|  0%| F|  |TS  4|AC  0|TAMS 0x0000000095600000, 0x0000000095600000|
| 323|0x0000000095700000, 0x0000000095700000, 0x0000000095800000|  0%| F|  |TS  4|AC  0|TAMS 0x0000000095700000, 0x0000000095700000|
| 324|0x0000000095800000, 0x0000000095800000, 0x0000000095900000|  0%| F|  |TS  4|AC  0|TAMS 0x0000000095800000, 0x0000000095800000|
| 325|0x0000000095900000, 0x0000000095900000, 0x0000000095a00000|  0%| F|  |TS  4|AC  0|TAMS 0x0000000095900000, 0x0000000095900000|
| 326|0x0000000095a00000, 0x0000000095a00000, 0x0000000095b00000|  0%| F|  |TS  4|AC  0|TAMS 0x0000000095a00000, 0x0000000095a00000|
| 327|0x0000000095b00000, 0x0000000095b00000, 0x0000000095c00000|  0%| F|  |TS  4|AC  0|TAMS 0x0000000095b00000, 0x0000000095b00000|
| 328|0x0000000095c00000, 0x0000000095c00000, 0x0000000095d00000|  0%| F|  |TS  4|AC  0|TAMS 0x0000000095c00000, 0x0000000095c00000|
| 329|0x0000000095d00000, 0x0000000095d00000, 0x0000000095e00000|  0%| F|  |TS  4|AC  0|TAMS 0x0000000095d00000, 0x0000000095d00000|
| 330|0x0000000095e00000, 0x0000000095e00000, 0x0000000095f00000|  0%| F|  |TS  4|AC  0|TAMS 0x0000000095e00000, 0x0000000095e00000|
| 331|0x0000000095f00000, 0x0000000095f00000, 0x0000000096000000|  0%| F|  |TS  4|AC  0|TAMS 0x0000000095f00000, 0x0000000095f00000|
| 332|0x0000000096000000, 0x0000000096000000, 0x0000000096100000|  0%| F|  |TS  4|AC  0|TAMS 0x0000000096000000, 0x0000000096000000|
| 333|0x0000000096100000, 0x0000000096100000, 0x0000000096200000|  0%| F|  |TS  4|AC  0|TAMS 0x0000000096100000, 0x0000000096100000|
| 334|0x0000000096200000, 0x0000000096200000, 0x0000000096300000|  0%| F|  |TS  4|AC  0|TAMS 0x0000000096200000, 0x0000000096200000|
| 335|0x0000000096300000, 0x0000000096300000, 0x0000000096400000|  0%| F|  |TS  4|AC  0|TAMS 0x0000000096300000, 0x0000000096300000|
| 336|0x0000000096400000, 0x0000000096400000, 0x0000000096500000|  0%| F|  |TS  4|AC  0|TAMS 0x0000000096400000, 0x0000000096400000|
| 337|0x0000000096500000, 0x0000000096500000, 0x0000000096600000|  0%| F|  |TS  4|AC  0|TAMS 0x0000000096500000, 0x0000000096500000|
| 338|0x0000000096600000, 0x0000000096600000, 0x0000000096700000|  0%| F|  |TS  4|AC  0|TAMS 0x0000000096600000, 0x0000000096600000|
| 339|0x0000000096700000, 0x0000000096700000, 0x0000000096800000|  0%| F|  |TS  4|AC  0|TAMS 0x0000000096700000, 0x0000000096700000|
| 340|0x0000000096800000, 0x0000000096800000, 0x0000000096900000|  0%| F|  |TS  4|AC  0|TAMS 0x0000000096800000, 0x0000000096800000|
| 341|0x0000000096900000, 0x0000000096900000, 0x0000000096a00000|  0%| F|  |TS  4|AC  0|TAMS 0x0000000096900000, 0x0000000096900000|
| 342|0x0000000096a00000, 0x0000000096a00000, 0x0000000096b00000|  0%| F|  |TS  4|AC  0|TAMS 0x0000000096a00000, 0x0000000096a00000|
| 343|0x0000000096b00000, 0x0000000096b00000, 0x0000000096c00000|  0%| F|  |TS  4|AC  0|TAMS 0x0000000096b00000, 0x0000000096b00000|
| 344|0x0000000096c00000, 0x0000000096c00000, 0x0000000096d00000|  0%| F|  |TS  4|AC  0|TAMS 0x0000000096c00000, 0x0000000096c00000|
| 345|0x0000000096d00000, 0x0000000096d00000, 0x0000000096e00000|  0%| F|  |TS  4|AC  0|TAMS 0x0000000096d00000, 0x0000000096d00000|

Card table byte_map: [0x000001979ad00000,0x000001979b100000] byte_map_base: 0x000001979a8f6000

Marking Bits (Prev, Next): (CMBitMap*) 0x00000197ffb9d0e8, (CMBitMap*) 0x00000197ffb9d0b0
 Prev Bits: [0x000001979d4b0000, 0x000001979f460000)
 Next Bits: [0x000001979b500000, 0x000001979d4b0000)

Polling page: 0x0000019780000000

CodeHeap 'non-profiled nmethods': size=120064Kb used=528Kb max_used=528Kb free=119535Kb
 bounds [0x0000019792d90000, 0x0000019793000000, 0x000001979a2d0000]
CodeHeap 'profiled nmethods': size=120000Kb used=1838Kb max_used=1838Kb free=118161Kb
 bounds [0x000001978b860000, 0x000001978bad0000, 0x0000019792d90000]
CodeHeap 'non-nmethods': size=5696Kb used=1089Kb max_used=1119Kb free=4606Kb
 bounds [0x000001978b2d0000, 0x000001978b540000, 0x000001978b860000]
 total_blobs=1816 nmethods=1087 adapters=306
 compilation: enabled

Compilation events (10 events):
Event: 3.925 Thread 0x00000197a1b19800 nmethod 1083 0x0000019792e0ec10 code [0x0000019792e0ede0, 0x0000019792e0f348]
Event: 3.928 Thread 0x00000197a1b16800 nmethod 1080 0x0000019792e0f690 code [0x0000019792e0f900, 0x0000019792e10950]
Event: 3.967 Thread 0x00000197a1b19800 1084       4       com.google.gson.internal.bind.TypeAdapterRuntimeTypeWrapper::write (81 bytes)
Event: 3.967 Thread 0x00000197a1b16800 1085       4       com.google.gson.internal.bind.TypeAdapterRuntimeTypeWrapper::getRuntimeTypeIfMoreSpecific (32 bytes)
Event: 3.968 Thread 0x00000197a1b16800 nmethod 1085 0x0000019792e11890 code [0x0000019792e11a20, 0x0000019792e11b38]
Event: 3.985 Thread 0x00000197a1b19800 nmethod 1084 0x0000019792e11c10 code [0x0000019792e11e20, 0x0000019792e128f8]
Event: 4.086 Thread 0x00000197a1b16800 1086       4       com.google.gson.internal.bind.MapTypeAdapterFactory$Adapter::write (10 bytes)
Event: 4.087 Thread 0x00000197a1b16800 nmethod 1086 0x0000019792e12f10 code [0x0000019792e130c0, 0x0000019792e13188]
Event: 4.179 Thread 0x00000197a1b19800 1087       4       com.google.gson.internal.bind.ObjectTypeAdapter::write (47 bytes)
Event: 4.190 Thread 0x00000197a1b19800 nmethod 1087 0x0000019792e13290 code [0x0000019792e13480, 0x0000019792e13cd8]

GC Heap History (10 events):
Event: 5.918 GC heap before
{Heap before GC invocations=11 (full 0):
 garbage-first heap   total 205824K, used 149379K [0x0000000081400000, 0x0000000100000000)
  region size 1024K, 71 young (72704K), 2 survivors (2048K)
 Metaspace       used 10389K, capacity 10556K, committed 10752K, reserved 1058816K
  class space    used 901K, capacity 938K, committed 1024K, reserved 1048576K
}
Event: 5.921 GC heap after
{Heap after GC invocations=12 (full 0):
 garbage-first heap   total 205824K, used 79747K [0x0000000081400000, 0x0000000100000000)
  region size 1024K, 2 young (2048K), 2 survivors (2048K)
 Metaspace       used 10389K, capacity 10556K, committed 10752K, reserved 1058816K
  class space    used 901K, capacity 938K, committed 1024K, reserved 1048576K
}
Event: 6.482 GC heap before
{Heap before GC invocations=13 (full 0):
 garbage-first heap   total 354304K, used 305027K [0x0000000081400000, 0x0000000100000000)
  region size 1024K, 77 young (78848K), 2 survivors (2048K)
 Metaspace       used 10389K, capacity 10556K, committed 10752K, reserved 1058816K
  class space    used 901K, capacity 938K, committed 1024K, reserved 1048576K
}
Event: 6.484 GC heap after
{Heap after GC invocations=14 (full 0):
 garbage-first heap   total 354304K, used 153402K [0x0000000081400000, 0x0000000100000000)
  region size 1024K, 2 young (2048K), 2 survivors (2048K)
 Metaspace       used 10389K, capacity 10556K, committed 10752K, reserved 1058816K
  class space    used 901K, capacity 938K, committed 1024K, reserved 1048576K
}
Event: 7.100 GC heap before
{Heap before GC invocations=14 (full 0):
 garbage-first heap   total 354304K, used 255802K [0x0000000081400000, 0x0000000100000000)
  region size 1024K, 102 young (104448K), 2 survivors (2048K)
 Metaspace       used 10389K, capacity 10556K, committed 10752K, reserved 1058816K
  class space    used 901K, capacity 938K, committed 1024K, reserved 1048576K
}
Event: 7.103 GC heap after
{Heap after GC invocations=15 (full 0):
 garbage-first heap   total 354304K, used 153475K [0x0000000081400000, 0x0000000100000000)
  region size 1024K, 2 young (2048K), 2 survivors (2048K)
 Metaspace       used 10389K, capacity 10556K, committed 10752K, reserved 1058816K
  class space    used 901K, capacity 938K, committed 1024K, reserved 1048576K
}
Event: 7.793 GC heap before
{Heap before GC invocations=15 (full 0):
 garbage-first heap   total 354304K, used 273283K [0x0000000081400000, 0x0000000100000000)
  region size 1024K, 119 young (121856K), 2 survivors (2048K)
 Metaspace       used 10389K, capacity 10556K, committed 10752K, reserved 1058816K
  class space    used 901K, capacity 938K, committed 1024K, reserved 1048576K
}
Event: 7.796 GC heap after
{Heap after GC invocations=16 (full 0):
 garbage-first heap   total 354304K, used 153475K [0x0000000081400000, 0x0000000100000000)
  region size 1024K, 2 young (2048K), 2 survivors (2048K)
 Metaspace       used 10389K, capacity 10556K, committed 10752K, reserved 1058816K
  class space    used 901K, capacity 938K, committed 1024K, reserved 1048576K
}
Event: 8.299 GC heap before
{Heap before GC invocations=16 (full 0):
 garbage-first heap   total 354304K, used 237443K [0x0000000081400000, 0x0000000100000000)
  region size 1024K, 85 young (87040K), 2 survivors (2048K)
 Metaspace       used 10389K, capacity 10556K, committed 10752K, reserved 1058816K
  class space    used 901K, capacity 938K, committed 1024K, reserved 1048576K
}
Event: 8.302 GC heap after
{Heap after GC invocations=17 (full 0):
 garbage-first heap   total 354304K, used 153475K [0x0000000081400000, 0x0000000100000000)
  region size 1024K, 2 young (2048K), 2 survivors (2048K)
 Metaspace       used 10389K, capacity 10556K, committed 10752K, reserved 1058816K
  class space    used 901K, capacity 938K, committed 1024K, reserved 1048576K
}

Deoptimization events (7 events):
Event: 0.485 Thread 0x00000197ffb03800 Uncommon trap: reason=unstable_if action=reinterpret pc=0x0000019792d93270 method=java.lang.String.hashCode()I @ 14 c2
Event: 0.701 Thread 0x00000197ffb03800 Uncommon trap: reason=unstable_if action=reinterpret pc=0x0000019792da0098 method=java.lang.String.charAt(I)C @ 4 c2
Event: 1.340 Thread 0x00000197ffb03800 Uncommon trap: reason=class_check action=maybe_recompile pc=0x0000019792d97bd8 method=java.lang.String.equals(Ljava/lang/Object;)Z @ 8 c2
Event: 3.109 Thread 0x00000197ffb03800 Uncommon trap: reason=class_check action=maybe_recompile pc=0x0000019792deea24 method=com.google.gson.internal.bind.TypeAdapterRuntimeTypeWrapper.write(Lcom/google/gson/stream/JsonWriter;Ljava/lang/Object;)V @ 41 c2
Event: 3.353 Thread 0x00000197ffb03800 Uncommon trap: reason=class_check action=maybe_recompile pc=0x0000019792deea24 method=com.google.gson.internal.bind.TypeAdapterRuntimeTypeWrapper.write(Lcom/google/gson/stream/JsonWriter;Ljava/lang/Object;)V @ 41 c2
Event: 3.683 Thread 0x00000197ffb03800 Uncommon trap: reason=class_check action=maybe_recompile pc=0x0000019792deea24 method=com.google.gson.internal.bind.TypeAdapterRuntimeTypeWrapper.write(Lcom/google/gson/stream/JsonWriter;Ljava/lang/Object;)V @ 41 c2
Event: 3.966 Thread 0x00000197ffb03800 Uncommon trap: reason=class_check action=maybe_recompile pc=0x0000019792deea24 method=com.google.gson.internal.bind.TypeAdapterRuntimeTypeWrapper.write(Lcom/google/gson/stream/JsonWriter;Ljava/lang/Object;)V @ 41 c2

Classes redefined (0 events):
No events

Internal exceptions (1 events):
Event: 2.489 Thread 0x00000197ffb03800 Exception <a 'java/lang/NoSuchMethodError'{0x0000000088f7eb90}: java.lang.Object.lambda$union$2(Ljava/util/regex/Pattern$CharPredicate;I)Z> (0x0000000088f7eb90) thrown at [t:/workspace/open/src/hotspot/share/interpreter/linkResolver.cpp, line 741]

Events (10 events):
Event: 6.017 Executing VM operation: CGC_Operation
Event: 6.017 Executing VM operation: CGC_Operation done
Event: 6.482 Executing VM operation: G1IncCollectionPause
Event: 6.484 Executing VM operation: G1IncCollectionPause done
Event: 7.100 Executing VM operation: G1IncCollectionPause
Event: 7.103 Executing VM operation: G1IncCollectionPause done
Event: 7.793 Executing VM operation: G1IncCollectionPause
Event: 7.796 Executing VM operation: G1IncCollectionPause done
Event: 8.299 Executing VM operation: G1IncCollectionPause
Event: 8.302 Executing VM operation: G1IncCollectionPause done


Dynamic libraries:
0x00007ff66e5a0000 - 0x00007ff66e5de000 	C:\Program Files\Java\jdk-10.0.2\bin\java.exe
0x00007ff9e08d0000 - 0x00007ff9e0ab1000 	C:\WINDOWS\SYSTEM32\ntdll.dll
0x00007ff9dfb60000 - 0x00007ff9dfc12000 	C:\WINDOWS\System32\KERNEL32.DLL
0x00007ff9dd890000 - 0x00007ff9ddb03000 	C:\WINDOWS\System32\KERNELBASE.dll
0x00007ff9df8c0000 - 0x00007ff9df961000 	C:\WINDOWS\System32\ADVAPI32.dll
0x00007ff9e01f0000 - 0x00007ff9e028e000 	C:\WINDOWS\System32\msvcrt.dll
0x00007ff9dfc40000 - 0x00007ff9dfc9b000 	C:\WINDOWS\System32\sechost.dll
0x00007ff9de040000 - 0x00007ff9de164000 	C:\WINDOWS\System32\RPCRT4.dll
0x00007ff9df6d0000 - 0x00007ff9df860000 	C:\WINDOWS\System32\USER32.dll
0x00007ff9dd5a0000 - 0x00007ff9dd5c0000 	C:\WINDOWS\System32\win32u.dll
0x00007ff9de260000 - 0x00007ff9de288000 	C:\WINDOWS\System32\GDI32.dll
0x00007ff9ddbc0000 - 0x00007ff9ddd52000 	C:\WINDOWS\System32\gdi32full.dll
0x00007ff9dcdf0000 - 0x00007ff9dce8f000 	C:\WINDOWS\System32\msvcp_win.dll
0x00007ff9dcca0000 - 0x00007ff9dcd9a000 	C:\WINDOWS\System32\ucrtbase.dll
0x00007ff9d6180000 - 0x00007ff9d618a000 	C:\WINDOWS\SYSTEM32\VERSION.dll
0x00007ff9d2240000 - 0x00007ff9d24a9000 	C:\WINDOWS\WinSxS\amd64_microsoft.windows.common-controls_6595b64144ccf1df_6.0.17134.345_none_fb429a5930656358\COMCTL32.dll
0x00007ff9dfec0000 - 0x00007ff9e01e3000 	C:\WINDOWS\System32\combase.dll
0x00007ff9dd5c0000 - 0x00007ff9dd63a000 	C:\WINDOWS\System32\bcryptPrimitives.dll
0x00007ff9e0310000 - 0x00007ff9e033d000 	C:\WINDOWS\System32\IMM32.DLL
0x00007ff9c7f20000 - 0x00007ff9c800f000 	C:\Program Files\Java\jdk-10.0.2\bin\msvcr120.dll
0x00007ff9c91c0000 - 0x00007ff9c9266000 	C:\Program Files\Java\jdk-10.0.2\bin\msvcp120.dll
0x000000005eb50000 - 0x000000005f5c0000 	C:\Program Files\Java\jdk-10.0.2\bin\server\jvm.dll
0x00007ff9ddfd0000 - 0x00007ff9ddfd8000 	C:\WINDOWS\System32\PSAPI.DLL
0x00007ff9dbaa0000 - 0x00007ff9dbaa9000 	C:\WINDOWS\SYSTEM32\WSOCK32.dll
0x00007ff9d59c0000 - 0x00007ff9d59e3000 	C:\WINDOWS\SYSTEM32\WINMM.dll
0x00007ff9d5990000 - 0x00007ff9d59ba000 	C:\WINDOWS\SYSTEM32\winmmbase.dll
0x00007ff9dcda0000 - 0x00007ff9dcde9000 	C:\WINDOWS\System32\cfgmgr32.dll
0x00007ff9df990000 - 0x00007ff9df9fc000 	C:\WINDOWS\System32\WS2_32.dll
0x00007ff9d9d20000 - 0x00007ff9d9d2f000 	C:\Program Files\Java\jdk-10.0.2\bin\verify.dll
0x00007ff9db8b0000 - 0x00007ff9dba79000 	C:\WINDOWS\SYSTEM32\DBGHELP.DLL
0x00007ff9d7510000 - 0x00007ff9d7539000 	C:\WINDOWS\SYSTEM32\dbgcore.DLL
0x00007ff9d5b80000 - 0x00007ff9d5ba7000 	C:\Program Files\Java\jdk-10.0.2\bin\java.dll
0x00007ff9cd6a0000 - 0x00007ff9cd6ca000 	C:\Program Files\Java\jdk-10.0.2\bin\instrument.dll
0x00007ff9d6650000 - 0x00007ff9d6666000 	C:\Program Files\Java\jdk-10.0.2\bin\zip.dll
0x00007ff9d94a0000 - 0x00007ff9d94aa000 	C:\Program Files\Java\jdk-10.0.2\bin\jimage.dll
0x00007ff9de290000 - 0x00007ff9df6cf000 	C:\WINDOWS\System32\SHELL32.dll
0x00007ff9e03a0000 - 0x00007ff9e0449000 	C:\WINDOWS\System32\shcore.dll
0x00007ff9dce90000 - 0x00007ff9dd59d000 	C:\WINDOWS\System32\windows.storage.dll
0x00007ff9ddfe0000 - 0x00007ff9de031000 	C:\WINDOWS\System32\shlwapi.dll
0x00007ff9dcc80000 - 0x00007ff9dcc91000 	C:\WINDOWS\System32\kernel.appcore.dll
0x00007ff9dcc40000 - 0x00007ff9dcc5f000 	C:\WINDOWS\System32\profapi.dll
0x00007ff9dcbe0000 - 0x00007ff9dcc2c000 	C:\WINDOWS\System32\powrprof.dll
0x00007ff9dcc30000 - 0x00007ff9dcc3a000 	C:\WINDOWS\System32\FLTLIB.DLL
0x00007ff9d5a70000 - 0x00007ff9d5a8a000 	C:\Program Files\Java\jdk-10.0.2\bin\net.dll
0x00007ff9d9240000 - 0x00007ff9d931c000 	C:\WINDOWS\SYSTEM32\WINHTTP.dll
0x00007ff9dc400000 - 0x00007ff9dc466000 	C:\WINDOWS\system32\mswsock.dll
0x00007ff9d5730000 - 0x00007ff9d5741000 	C:\Program Files\Java\jdk-10.0.2\bin\nio.dll
0x00007ff9d55c0000 - 0x00007ff9d55da000 	C:\Program Files\JetBrains\IntelliJ IDEA Community Edition 2018.2\bin\breakgen64.dll

dbghelp: loaded successfully - version: 4.0.5 - missing functions: none
symbol engine: initialized successfully - sym options: 0x614 - pdb path: .;C:\Program Files\Java\jdk-10.0.2\bin;C:\WINDOWS\SYSTEM32;C:\WINDOWS\WinSxS\amd64_microsoft.windows.common-controls_6595b64144ccf1df_6.0.17134.345_none_fb429a5930656358;C:\Program Files\Java\jdk-10.0.2\bin\server;C:\Program Files\JetBrains\IntelliJ IDEA Community Edition 2018.2\bin

VM Arguments:
jvm_args: -javaagent:C:\Program Files\JetBrains\IntelliJ IDEA Community Edition 2018.2\lib\idea_rt.jar=50466:C:\Program Files\JetBrains\IntelliJ IDEA Community Edition 2018.2\bin -Dfile.encoding=UTF-8 
java_command: main
java_class_path (initial): C:\Users\paulo\Desktop\wlk-reader-master\target\classes;C:\Users\paulo\.m2\repository\com\google\code\gson\gson\2.2.4\gson-2.2.4.jar;C:\Users\paulo\.m2\repository\joda-time\joda-time\2.1\joda-time-2.1.jar;C:\Users\paulo\.m2\repository\commons-io\commons-io\2.4\commons-io-2.4.jar;C:\Users\paulo\.m2\repository\org\jscience\jscience\4.3.1\jscience-4.3.1.jar;C:\Users\paulo\.m2\repository\org\javolution\javolution\5.2.3\javolution-5.2.3.jar;C:\Users\paulo\.m2\repository\junit\junit\4.11\junit-4.11.jar;C:\Users\paulo\.m2\repository\org\hamcrest\hamcrest-core\1.3\hamcrest-core-1.3.jar
Launcher Type: SUN_STANDARD

Logging:
Log output configuration:
#0: stdout all=warning uptime,level,tags
#1: stderr all=off uptime,level,tags

Environment Variables:
JAVA_HOME=C:\Program Files\Java\jdk-10.0.2
PATH=C:\Program Files (x86)\Common Files\Oracle\Java\javapath;C:\ProgramData\Oracle\Java\javapath;C:\Program Files (x86)\Intel\iCLS Client\;C:\Program Files\Intel\iCLS Client\;C:\WINDOWS\system32;C:\WINDOWS;C:\WINDOWS\System32\Wbem;C:\WINDOWS\System32\WindowsPowerShell\v1.0\;C:\Program Files (x86)\Intel\Intel(R) Management Engine Components\DAL;C:\Program Files\Intel\Intel(R) Management Engine Components\DAL;C:\Program Files (x86)\Intel\Intel(R) Management Engine Components\IPT;C:\Program Files\Intel\Intel(R) Management Engine Components\IPT;C:\Program Files\MATLAB\R2016a\runtime\win64;C:\Program Files\MATLAB\R2016a\bin;C:\Program Files\MATLAB\R2016a\polyspace\bin;C:\Program Files\dotnet\;C:\Program Files\Microsoft SQL Server\130\Tools\Binn\;C:\WINDOWS\System32\OpenSSH\;C:\Program Files\Java\jdk-10.0.2\bin;C:\Program Files\Intel\WiFi\bin\;C:\Program Files\Common Files\Intel\WirelessCommon\;C:\Users\paulo\AppData\Local\Microsoft\WindowsApps;
USERNAME=paulo
OS=Windows_NT
PROCESSOR_IDENTIFIER=Intel64 Family 6 Model 61 Stepping 4, GenuineIntel



---------------  S Y S T E M  ---------------

OS: Windows 10 , 64 bit Build 17134 (10.0.17134.1)

CPU:total 4 (initial active 4) (2 cores per cpu, 2 threads per core) family 6 model 61 stepping 4, cmov, cx8, fxsr, mmx, sse, sse2, sse3, ssse3, sse4.1, sse4.2, popcnt, avx, avx2, aes, clmul, erms, 3dnowpref, lzcnt, ht, tsc, tscinvbit, bmi1, bmi2, adx, fma

Memory: 4k page, physical 8301912k(569028k free), swap 8301912k(20744k free)

vm_info: Java HotSpot(TM) 64-Bit Server VM (10.0.2+13) for windows-amd64 JRE (10.0.2+13), built on Jun 28 2018 01:57:56 by "mach5one" with MS VC++ 12.0 (VS2013)

END.
