#
# There is insufficient memory for the Java Runtime Environment to continue.
# Native memory allocation (mmap) failed to map 134217728 bytes for Failed to commit area from 0x0000000081400000 to 0x0000000089400000 of length 134217728.
# Possible reasons:
#   The system is out of physical RAM or swap space
#   The process is running with CompressedOops enabled, and the Java Heap may be blocking the growth of the native heap
# Possible solutions:
#   Reduce memory load on the system
#   Increase physical memory or swap space
#   Check if swap backing store is full
#   Decrease Java heap size (-Xmx/-Xms)
#   Decrease number of Java threads
#   Decrease Java thread stack sizes (-Xss)
#   Set larger code cache with -XX:ReservedCodeCacheSize=
# This output file may be truncated or incomplete.
#
#  Out of Memory Error (t:/workspace/open/src/hotspot/os/windows/os_windows.cpp:3221), pid=9468, tid=10560
#
# JRE version:  (10.0.2+13) (build )
# Java VM: Java HotSpot(TM) 64-Bit Server VM (10.0.2+13, mixed mode, aot, tiered, compressed oops, g1 gc, windows-amd64)
# No core dump will be written. Minidumps are not enabled by default on client versions of Windows
#

---------------  S U M M A R Y ------------

Command Line: -javaagent:C:\Program Files\JetBrains\IntelliJ IDEA Community Edition 2018.2\lib\idea_rt.jar=53386:C:\Program Files\JetBrains\IntelliJ IDEA Community Edition 2018.2\bin -Dfile.encoding=UTF-8 main

Host: Intel(R) Core(TM) i7-5500U CPU @ 2.40GHz, 4 cores, 7G,  Windows 10 , 64 bit Build 17134 (10.0.17134.1)
Time: Thu Oct 11 11:29:15 2018 Hora oficial do Brasil elapsed time: 0 seconds (0d 0h 0m 0s)

---------------  T H R E A D  ---------------

Current thread (0x0000024079ad3000):  JavaThread "Unknown thread" [_thread_in_vm, id=10560, stack(0x000000918bb00000,0x000000918bc00000)]

Stack: [0x000000918bb00000,0x000000918bc00000]
Native frames: (J=compiled Java code, j=interpreted, Vv=VM code, C=native code)
V  [jvm.dll+0x5a01a9]
V  [jvm.dll+0x6bcf31]
V  [jvm.dll+0x6be126]
V  [jvm.dll+0x6be7b3]
V  [jvm.dll+0x234978]
V  [jvm.dll+0x59dac4]
V  [jvm.dll+0x592825]
V  [jvm.dll+0x2f632b]
V  [jvm.dll+0x2f6295]
V  [jvm.dll+0x2f6172]
V  [jvm.dll+0x2f8366]
V  [jvm.dll+0x344293]
V  [jvm.dll+0x3449a6]
V  [jvm.dll+0x344393]
V  [jvm.dll+0x2c4628]
V  [jvm.dll+0x2c5771]
V  [jvm.dll+0x69d1db]
V  [jvm.dll+0x69e9fc]
V  [jvm.dll+0x3519e9]
V  [jvm.dll+0x6856a2]
V  [jvm.dll+0x3ba0c3]
V  [jvm.dll+0x3bc261]
C  [java.exe+0x3531]
C  [java.exe+0xe1af]
C  [java.exe+0xe356]
C  [KERNEL32.DLL+0x13034]
C  [ntdll.dll+0x71461]


---------------  P R O C E S S  ---------------

Threads class SMR info:
_java_thread_list=0x0000024077928460, length=0, elements={
}

Java Threads: ( => current thread )

Other Threads:
  0x0000024079aeb800 GCTaskThread "GC Thread#0" [stack: 0x000000918bc00000,0x000000918bd00000] [id=5812]
  0x0000024079aed000 GCTaskThread "GC Thread#1" [stack: 0x000000918bd00000,0x000000918be00000] [id=1664]
  0x0000024079aef000 GCTaskThread "GC Thread#2" [stack: 0x000000918be00000,0x000000918bf00000] [id=6536]
  0x0000024079af6800 GCTaskThread "GC Thread#3" [stack: 0x000000918bf00000,0x000000918c000000] [id=13860]
  0x0000024079b65800 ConcurrentGCThread "G1 Main Marker" [stack: 0x000000918c000000,0x000000918c100000] [id=8500]
  0x0000024079b68800 ConcurrentGCThread "G1 Conc#0" [stack: 0x000000918c100000,0x000000918c200000] [id=3492]

[error occurred during error reporting (printing all threads), id 0xe0000002]

VM state:not at safepoint (not fully initialized)

VM Mutex/Monitor currently owned by a thread:  ([mutex/lock_event])
[0x0000024079ad1b50] Heap_lock - owner thread: 0x0000024079ad3000

Heap address: 0x0000000081400000, size: 2028 MB, Compressed Oops mode: Non-zero based: 0x0000000081400000
Narrow klass base: 0x0000000000000000, Narrow klass shift: 0

GC Heap History (0 events):
No events

Deoptimization events (0 events):
No events

Classes redefined (0 events):
No events

Internal exceptions (0 events):
No events

Events (0 events):
No events


Dynamic libraries:
0x00007ff6adca0000 - 0x00007ff6adcde000 	C:\Program Files\Java\jdk-10.0.2\bin\java.exe
0x00007fff98780000 - 0x00007fff98961000 	C:\WINDOWS\SYSTEM32\ntdll.dll
0x00007fff981e0000 - 0x00007fff98292000 	C:\WINDOWS\System32\KERNEL32.DLL
0x00007fff95600000 - 0x00007fff95873000 	C:\WINDOWS\System32\KERNELBASE.dll
0x00007fff98100000 - 0x00007fff981a1000 	C:\WINDOWS\System32\ADVAPI32.dll
0x00007fff98380000 - 0x00007fff9841e000 	C:\WINDOWS\System32\msvcrt.dll
0x00007fff982a0000 - 0x00007fff982fb000 	C:\WINDOWS\System32\sechost.dll
0x00007fff98620000 - 0x00007fff98744000 	C:\WINDOWS\System32\RPCRT4.dll
0x00007fff95ea0000 - 0x00007fff96030000 	C:\WINDOWS\System32\USER32.dll
0x00007fff94b50000 - 0x00007fff94b70000 	C:\WINDOWS\System32\win32u.dll
0x00007fff97b40000 - 0x00007fff97b68000 	C:\WINDOWS\System32\GDI32.dll
0x00007fff95a70000 - 0x00007fff95c02000 	C:\WINDOWS\System32\gdi32full.dll
0x00007fff95300000 - 0x00007fff9539f000 	C:\WINDOWS\System32\msvcp_win.dll
0x00007fff95450000 - 0x00007fff9554a000 	C:\WINDOWS\System32\ucrtbase.dll
0x00007fff8bcb0000 - 0x00007fff8bf19000 	C:\WINDOWS\WinSxS\amd64_microsoft.windows.common-controls_6595b64144ccf1df_6.0.17134.285_none_fb4297e330656775\COMCTL32.dll
0x00007fff97810000 - 0x00007fff97b33000 	C:\WINDOWS\System32\combase.dll
0x00007fff94b70000 - 0x00007fff94bea000 	C:\WINDOWS\System32\bcryptPrimitives.dll
0x00007fff85aa0000 - 0x00007fff85aaa000 	C:\WINDOWS\SYSTEM32\VERSION.dll
0x00007fff981b0000 - 0x00007fff981dd000 	C:\WINDOWS\System32\IMM32.DLL
0x00007fff7db00000 - 0x00007fff7dbef000 	C:\Program Files\Java\jdk-10.0.2\bin\msvcr120.dll
0x00007fff7f720000 - 0x00007fff7f7c6000 	C:\Program Files\Java\jdk-10.0.2\bin\msvcp120.dll
0x000000006da20000 - 0x000000006e490000 	C:\Program Files\Java\jdk-10.0.2\bin\server\jvm.dll
0x00007fff95e70000 - 0x00007fff95e78000 	C:\WINDOWS\System32\PSAPI.DLL
0x00007fff93810000 - 0x00007fff93819000 	C:\WINDOWS\SYSTEM32\WSOCK32.dll
0x00007fff98090000 - 0x00007fff980fc000 	C:\WINDOWS\System32\WS2_32.dll
0x00007fff90580000 - 0x00007fff905a3000 	C:\WINDOWS\SYSTEM32\WINMM.dll
0x00007fff90550000 - 0x00007fff9057a000 	C:\WINDOWS\SYSTEM32\WINMMBASE.dll
0x00007fff95550000 - 0x00007fff95599000 	C:\WINDOWS\System32\cfgmgr32.dll
0x00007fff91d70000 - 0x00007fff91d7f000 	C:\Program Files\Java\jdk-10.0.2\bin\verify.dll
0x00007fff934a0000 - 0x00007fff93669000 	C:\WINDOWS\SYSTEM32\DBGHELP.DLL
0x00007fff83c40000 - 0x00007fff83c69000 	C:\WINDOWS\SYSTEM32\dbgcore.DLL
0x00007fff907b0000 - 0x00007fff907d7000 	C:\Program Files\Java\jdk-10.0.2\bin\java.dll
0x00007fff89580000 - 0x00007fff895aa000 	C:\Program Files\Java\jdk-10.0.2\bin\instrument.dll
0x00007fff89300000 - 0x00007fff89316000 	C:\Program Files\Java\jdk-10.0.2\bin\zip.dll
0x00007fff906f0000 - 0x00007fff906fa000 	C:\Program Files\Java\jdk-10.0.2\bin\jimage.dll

dbghelp: loaded successfully - version: 4.0.5 - missing functions: none
symbol engine: initialized successfully - sym options: 0x614 - pdb path: .;C:\Program Files\Java\jdk-10.0.2\bin;C:\WINDOWS\SYSTEM32;C:\WINDOWS\WinSxS\amd64_microsoft.windows.common-controls_6595b64144ccf1df_6.0.17134.285_none_fb4297e330656775;C:\Program Files\Java\jdk-10.0.2\bin\server

VM Arguments:
jvm_args: -javaagent:C:\Program Files\JetBrains\IntelliJ IDEA Community Edition 2018.2\lib\idea_rt.jar=53386:C:\Program Files\JetBrains\IntelliJ IDEA Community Edition 2018.2\bin -Dfile.encoding=UTF-8 
java_command: main
java_class_path (initial): C:\Users\paulo\Desktop\wlk-reader-master\target\classes;C:\Users\paulo\.m2\repository\com\google\code\gson\gson\2.2.4\gson-2.2.4.jar;C:\Users\paulo\.m2\repository\joda-time\joda-time\2.1\joda-time-2.1.jar;C:\Users\paulo\.m2\repository\commons-io\commons-io\2.4\commons-io-2.4.jar;C:\Users\paulo\.m2\repository\org\jscience\jscience\4.3.1\jscience-4.3.1.jar;C:\Users\paulo\.m2\repository\org\javolution\javolution\5.2.3\javolution-5.2.3.jar;C:\Users\paulo\.m2\repository\junit\junit\4.11\junit-4.11.jar;C:\Users\paulo\.m2\repository\org\hamcrest\hamcrest-core\1.3\hamcrest-core-1.3.jar
Launcher Type: SUN_STANDARD

Logging:
Log output configuration:
#0: stdout all=warning uptime,level,tags
#1: stderr all=off uptime,level,tags

Environment Variables:
JAVA_HOME=C:\Program Files\Java\jdk-10.0.2
PATH=C:\Program Files (x86)\Common Files\Oracle\Java\javapath;C:\ProgramData\Oracle\Java\javapath;C:\Program Files (x86)\Intel\iCLS Client\;C:\Program Files\Intel\iCLS Client\;C:\WINDOWS\system32;C:\WINDOWS;C:\WINDOWS\System32\Wbem;C:\WINDOWS\System32\WindowsPowerShell\v1.0\;C:\Program Files (x86)\Intel\Intel(R) Management Engine Components\DAL;C:\Program Files\Intel\Intel(R) Management Engine Components\DAL;C:\Program Files (x86)\Intel\Intel(R) Management Engine Components\IPT;C:\Program Files\Intel\Intel(R) Management Engine Components\IPT;C:\Program Files\Intel\WiFi\bin\;C:\Program Files\Common Files\Intel\WirelessCommon\;C:\Program Files\MATLAB\R2016a\runtime\win64;C:\Program Files\MATLAB\R2016a\bin;C:\Program Files\MATLAB\R2016a\polyspace\bin;C:\Program Files\dotnet\;C:\Program Files\Microsoft SQL Server\130\Tools\Binn\;C:\WINDOWS\System32\OpenSSH\;C:\Program Files\Java\jdk-10.0.2\bin;C:\Users\paulo\AppData\Local\Microsoft\WindowsApps;
USERNAME=paulo
OS=Windows_NT
PROCESSOR_IDENTIFIER=Intel64 Family 6 Model 61 Stepping 4, GenuineIntel



---------------  S Y S T E M  ---------------

OS: Windows 10 , 64 bit Build 17134 (10.0.17134.1)

CPU:total 4 (initial active 4) (2 cores per cpu, 2 threads per core) family 6 model 61 stepping 4, cmov, cx8, fxsr, mmx, sse, sse2, sse3, ssse3, sse4.1, sse4.2, popcnt, avx, avx2, aes, clmul, erms, 3dnowpref, lzcnt, ht, tsc, tscinvbit, bmi1, bmi2, adx, fma

Memory: 4k page, physical 8301912k(847168k free), swap 8301912k(120164k free)

vm_info: Java HotSpot(TM) 64-Bit Server VM (10.0.2+13) for windows-amd64 JRE (10.0.2+13), built on Jun 28 2018 01:57:56 by "mach5one" with MS VC++ 12.0 (VS2013)

END.
